2025-03-03 03:10:26,863 - INFO - Generated Mow ID: 26
2025-03-03 03:10:26,863 - INFO - Listening for UBX Messages.
2025-03-03 03:10:29,024 - INFO - coords: PVT(iTOW=97845000, year=2025, month=3, day=3, hour=3, min=10, sec=27, valid=valid(validDate=1, validTime=1, fullyResolved=1, validMag=0), tAcc=30, nano=77227, fixType=3, flags=flags(gnssFixOK=1, diffSoln=0, psmState=0, headVehValid=0, carrSoln=0), flags2=flags2(confirmedAvai=1, confirmedDate=1, confirmedTime=1), numSV=21, lon=-97.3398005, lat=37.6880674, height=401251, hMSL=427671, hAcc=304.5, vAcc=453.70000000000005, velN=-12, velE=4, velD=6, gSpeed=13, headMot=0.0, sAcc=246, headAcc=180.00000000000003, pDOP=1.1400000000000001, flags3=flags3(invalidL1h=0), headVeh=0.0, magDec=0.0, magAcc=0.0)
2025-03-03 03:10:29,024 - INFO - rel_pos: RELPOSNED(version=1, refStationId=0, iTOW=97846000, relPosN=0, relPosE=0, relPosD=0, relPosLength=0, relPosHeading=0.0, relPosHPN=0.0, relPosHPE=0.0, relPosHPD=0.0, relPosHPLength=0.0, accN=0.0, accE=0.0, accD=0.0, accLength=0.0, accHeading=0.0, flags=flags(gnssFixOK=1, diffSoln=0, relPosValid=0, carrSoln=0, isMoving=0, refPosMiss=0, refObsMiss=0, relPosHeadingValid=0, relPosNormalized=0))
2025-03-03 03:10:29,024 - INFO - Data written to CSV: {'timestamp': '2025-03-03 03:10:29', 'latitude': 37.6880674, 'longitude': -97.3398005, 'speed': 0.013, 'rel_north': 0.0, 'rel_east': 0.0, 'rel_down': 0.0, 'heading': 0.0}
2025-03-03 03:10:29,124 - INFO - Elapsed time for this iteration: 2.25 seconds
2025-03-03 03:10:29,124 - INFO - Sleeping for: 0.00 seconds
2025-03-03 03:10:31,027 - INFO - coords: PVT(iTOW=97847000, year=2025, month=3, day=3, hour=3, min=10, sec=29, valid=valid(validDate=1, validTime=1, fullyResolved=1, validMag=0), tAcc=31, nano=76578, fixType=3, flags=flags(gnssFixOK=1, diffSoln=0, psmState=0, headVehValid=0, carrSoln=0), flags2=flags2(confirmedAvai=1, confirmedDate=1, confirmedTime=1), numSV=21, lon=-97.3398011, lat=37.6880671, height=401169, hMSL=427589, hAcc=305.7, vAcc=456.20000000000005, velN=-18, velE=3, velD=-13, gSpeed=18, headMot=0.0, sAcc=346, headAcc=180.00000000000003, pDOP=1.1400000000000001, flags3=flags3(invalidL1h=0), headVeh=0.0, magDec=0.0, magAcc=0.0)
2025-03-03 03:10:31,027 - INFO - rel_pos: RELPOSNED(version=1, refStationId=0, iTOW=97848000, relPosN=0, relPosE=0, relPosD=0, relPosLength=0, relPosHeading=0.0, relPosHPN=0.0, relPosHPE=0.0, relPosHPD=0.0, relPosHPLength=0.0, accN=0.0, accE=0.0, accD=0.0, accLength=0.0, accHeading=0.0, flags=flags(gnssFixOK=1, diffSoln=0, relPosValid=0, carrSoln=0, isMoving=0, refPosMiss=0, refObsMiss=0, relPosHeadingValid=0, relPosNormalized=0))
2025-03-03 03:10:31,027 - INFO - Data written to CSV: {'timestamp': '2025-03-03 03:10:31', 'latitude': 37.6880671, 'longitude': -97.3398011, 'speed': 0.018, 'rel_north': 0.0, 'rel_east': 0.0, 'rel_down': 0.0, 'heading': 0.0}
2025-03-03 03:10:31,127 - INFO - Elapsed time for this iteration: 2.00 seconds
2025-03-03 03:10:31,127 - INFO - Sleeping for: 0.00 seconds
2025-03-03 03:10:33,030 - INFO - coords: PVT(iTOW=97849000, year=2025, month=3, day=3, hour=3, min=10, sec=31, valid=valid(validDate=1, validTime=1, fullyResolved=1, validMag=0), tAcc=31, nano=75930, fixType=3, flags=flags(gnssFixOK=1, diffSoln=0, psmState=0, headVehValid=0, carrSoln=0), flags2=flags2(confirmedAvai=1, confirmedDate=1, confirmedTime=1), numSV=21, lon=-97.3398007, lat=37.6880666, height=401182, hMSL=427601, hAcc=306.7, vAcc=457.8, velN=7, velE=24, velD=-30, gSpeed=25, headMot=0.0, sAcc=298, headAcc=180.00000000000003, pDOP=1.1400000000000001, flags3=flags3(invalidL1h=0), headVeh=0.0, magDec=0.0, magAcc=0.0)
2025-03-03 03:10:33,030 - INFO - rel_pos: RELPOSNED(version=1, refStationId=0, iTOW=97850000, relPosN=0, relPosE=0, relPosD=0, relPosLength=0, relPosHeading=0.0, relPosHPN=0.0, relPosHPE=0.0, relPosHPD=0.0, relPosHPLength=0.0, accN=0.0, accE=0.0, accD=0.0, accLength=0.0, accHeading=0.0, flags=flags(gnssFixOK=1, diffSoln=0, relPosValid=0, carrSoln=0, isMoving=0, refPosMiss=0, refObsMiss=0, relPosHeadingValid=0, relPosNormalized=0))
2025-03-03 03:10:33,030 - INFO - Data written to CSV: {'timestamp': '2025-03-03 03:10:33', 'latitude': 37.6880666, 'longitude': -97.3398007, 'speed': 0.025, 'rel_north': 0.0, 'rel_east': 0.0, 'rel_down': 0.0, 'heading': 0.0}
2025-03-03 03:10:33,130 - INFO - Elapsed time for this iteration: 2.00 seconds
2025-03-03 03:10:33,131 - INFO - Sleeping for: 0.00 seconds
2025-03-03 03:10:35,033 - INFO - coords: PVT(iTOW=97851000, year=2025, month=3, day=3, hour=3, min=10, sec=33, valid=valid(validDate=1, validTime=1, fullyResolved=1, validMag=0), tAcc=31, nano=75283, fixType=3, flags=flags(gnssFixOK=1, diffSoln=0, psmState=0, headVehValid=0, carrSoln=0), flags2=flags2(confirmedAvai=1, confirmedDate=1, confirmedTime=1), numSV=21, lon=-97.3398003, lat=37.688066299999996, height=401246, hMSL=427665, hAcc=308.1, vAcc=459.8, velN=-41, velE=-8, velD=-66, gSpeed=41, headMot=0.0, sAcc=355, headAcc=180.00000000000003, pDOP=1.1400000000000001, flags3=flags3(invalidL1h=0), headVeh=0.0, magDec=0.0, magAcc=0.0)
2025-03-03 03:10:35,033 - INFO - rel_pos: RELPOSNED(version=1, refStationId=0, iTOW=97852000, relPosN=0, relPosE=0, relPosD=0, relPosLength=0, relPosHeading=0.0, relPosHPN=0.0, relPosHPE=0.0, relPosHPD=0.0, relPosHPLength=0.0, accN=0.0, accE=0.0, accD=0.0, accLength=0.0, accHeading=0.0, flags=flags(gnssFixOK=1, diffSoln=0, relPosValid=0, carrSoln=0, isMoving=0, refPosMiss=0, refObsMiss=0, relPosHeadingValid=0, relPosNormalized=0))
2025-03-03 03:10:35,033 - INFO - Data written to CSV: {'timestamp': '2025-03-03 03:10:35', 'latitude': 37.688066299999996, 'longitude': -97.3398003, 'speed': 0.041, 'rel_north': 0.0, 'rel_east': 0.0, 'rel_down': 0.0, 'heading': 0.0}
2025-03-03 03:10:35,134 - INFO - Elapsed time for this iteration: 2.00 seconds
2025-03-03 03:10:35,134 - INFO - Sleeping for: 0.00 seconds
2025-03-03 03:10:36,991 - INFO - coords: PVT(iTOW=97853000, year=2025, month=3, day=3, hour=3, min=10, sec=35, valid=valid(validDate=1, validTime=1, fullyResolved=1, validMag=0), tAcc=31, nano=74636, fixType=3, flags=flags(gnssFixOK=1, diffSoln=0, psmState=0, headVehValid=0, carrSoln=0), flags2=flags2(confirmedAvai=1, confirmedDate=1, confirmedTime=1), numSV=20, lon=-97.33979959999999, lat=37.6880662, height=401316, hMSL=427736, hAcc=309.90000000000003, vAcc=463.0, velN=19, velE=11, velD=-22, gSpeed=22, headMot=0.0, sAcc=277, headAcc=180.00000000000003, pDOP=1.19, flags3=flags3(invalidL1h=0), headVeh=0.0, magDec=0.0, magAcc=0.0)
2025-03-03 03:10:36,992 - INFO - rel_pos: RELPOSNED(version=1, refStationId=0, iTOW=97854000, relPosN=0, relPosE=0, relPosD=0, relPosLength=0, relPosHeading=0.0, relPosHPN=0.0, relPosHPE=0.0, relPosHPD=0.0, relPosHPLength=0.0, accN=0.0, accE=0.0, accD=0.0, accLength=0.0, accHeading=0.0, flags=flags(gnssFixOK=1, diffSoln=0, relPosValid=0, carrSoln=0, isMoving=0, refPosMiss=0, refObsMiss=0, relPosHeadingValid=0, relPosNormalized=0))
2025-03-03 03:10:36,992 - INFO - Data written to CSV: {'timestamp': '2025-03-03 03:10:36', 'latitude': 37.6880662, 'longitude': -97.33979959999999, 'speed': 0.022, 'rel_north': 0.0, 'rel_east': 0.0, 'rel_down': 0.0, 'heading': 0.0}
2025-03-03 03:10:37,092 - INFO - Elapsed time for this iteration: 1.96 seconds
2025-03-03 03:10:37,092 - INFO - Sleeping for: 0.00 seconds
2025-03-03 03:10:38,995 - INFO - coords: PVT(iTOW=97855000, year=2025, month=3, day=3, hour=3, min=10, sec=37, valid=valid(validDate=1, validTime=1, fullyResolved=1, validMag=0), tAcc=31, nano=73990, fixType=3, flags=flags(gnssFixOK=1, diffSoln=0, psmState=0, headVehValid=0, carrSoln=0), flags2=flags2(confirmedAvai=1, confirmedDate=1, confirmedTime=1), numSV=20, lon=-97.3397991, lat=37.6880659, height=401346, hMSL=427766, hAcc=311.6, vAcc=465.8, velN=-44, velE=9, velD=-60, gSpeed=45, headMot=0.0, sAcc=359, headAcc=180.00000000000003, pDOP=1.19, flags3=flags3(invalidL1h=0), headVeh=0.0, magDec=0.0, magAcc=0.0)
2025-03-03 03:10:38,995 - INFO - rel_pos: RELPOSNED(version=1, refStationId=0, iTOW=97856000, relPosN=0, relPosE=0, relPosD=0, relPosLength=0, relPosHeading=0.0, relPosHPN=0.0, relPosHPE=0.0, relPosHPD=0.0, relPosHPLength=0.0, accN=0.0, accE=0.0, accD=0.0, accLength=0.0, accHeading=0.0, flags=flags(gnssFixOK=1, diffSoln=0, relPosValid=0, carrSoln=0, isMoving=0, refPosMiss=0, refObsMiss=0, relPosHeadingValid=0, relPosNormalized=0))
2025-03-03 03:10:38,995 - INFO - Data written to CSV: {'timestamp': '2025-03-03 03:10:38', 'latitude': 37.6880659, 'longitude': -97.3397991, 'speed': 0.045, 'rel_north': 0.0, 'rel_east': 0.0, 'rel_down': 0.0, 'heading': 0.0}
2025-03-03 03:10:39,095 - INFO - Elapsed time for this iteration: 2.00 seconds
2025-03-03 03:10:39,095 - INFO - Sleeping for: 0.00 seconds
2025-03-03 03:10:40,998 - INFO - coords: PVT(iTOW=97857000, year=2025, month=3, day=3, hour=3, min=10, sec=39, valid=valid(validDate=1, validTime=1, fullyResolved=1, validMag=0), tAcc=31, nano=73345, fixType=3, flags=flags(gnssFixOK=1, diffSoln=0, psmState=0, headVehValid=0, carrSoln=0), flags2=flags2(confirmedAvai=1, confirmedDate=1, confirmedTime=1), numSV=19, lon=-97.3397991, lat=37.6880659, height=401311, hMSL=427731, hAcc=314.3, vAcc=471.6, velN=-20, velE=8, velD=-64, gSpeed=22, headMot=0.0, sAcc=360, headAcc=180.00000000000003, pDOP=1.33, flags3=flags3(invalidL1h=0), headVeh=0.0, magDec=0.0, magAcc=0.0)
2025-03-03 03:10:40,998 - INFO - rel_pos: RELPOSNED(version=1, refStationId=0, iTOW=97858000, relPosN=0, relPosE=0, relPosD=0, relPosLength=0, relPosHeading=0.0, relPosHPN=0.0, relPosHPE=0.0, relPosHPD=0.0, relPosHPLength=0.0, accN=0.0, accE=0.0, accD=0.0, accLength=0.0, accHeading=0.0, flags=flags(gnssFixOK=1, diffSoln=0, relPosValid=0, carrSoln=0, isMoving=0, refPosMiss=0, refObsMiss=0, relPosHeadingValid=0, relPosNormalized=0))
2025-03-03 03:10:40,998 - INFO - Data written to CSV: {'timestamp': '2025-03-03 03:10:40', 'latitude': 37.6880659, 'longitude': -97.3397991, 'speed': 0.022, 'rel_north': 0.0, 'rel_east': 0.0, 'rel_down': 0.0, 'heading': 0.0}
2025-03-03 03:10:41,098 - INFO - Elapsed time for this iteration: 2.00 seconds
2025-03-03 03:10:41,099 - INFO - Sleeping for: 0.00 seconds
2025-03-03 03:10:43,002 - INFO - coords: PVT(iTOW=97859000, year=2025, month=3, day=3, hour=3, min=10, sec=41, valid=valid(validDate=1, validTime=1, fullyResolved=1, validMag=0), tAcc=31, nano=72701, fixType=3, flags=flags(gnssFixOK=1, diffSoln=0, psmState=0, headVehValid=0, carrSoln=0), flags2=flags2(confirmedAvai=1, confirmedDate=1, confirmedTime=1), numSV=17, lon=-97.3397995, lat=37.688066, height=401190, hMSL=427609, hAcc=318.3, vAcc=480.20000000000005, velN=16, velE=-4, velD=-20, gSpeed=17, headMot=0.0, sAcc=263, headAcc=180.00000000000003, pDOP=1.6600000000000001, flags3=flags3(invalidL1h=0), headVeh=0.0, magDec=0.0, magAcc=0.0)
2025-03-03 03:10:43,002 - INFO - rel_pos: RELPOSNED(version=1, refStationId=0, iTOW=97860000, relPosN=0, relPosE=0, relPosD=0, relPosLength=0, relPosHeading=0.0, relPosHPN=0.0, relPosHPE=0.0, relPosHPD=0.0, relPosHPLength=0.0, accN=0.0, accE=0.0, accD=0.0, accLength=0.0, accHeading=0.0, flags=flags(gnssFixOK=1, diffSoln=0, relPosValid=0, carrSoln=0, isMoving=0, refPosMiss=0, refObsMiss=0, relPosHeadingValid=0, relPosNormalized=0))
2025-03-03 03:10:43,002 - INFO - Data written to CSV: {'timestamp': '2025-03-03 03:10:42', 'latitude': 37.688066, 'longitude': -97.3397995, 'speed': 0.017, 'rel_north': 0.0, 'rel_east': 0.0, 'rel_down': 0.0, 'heading': 0.0}
2025-03-03 03:10:43,102 - INFO - Elapsed time for this iteration: 2.00 seconds
2025-03-03 03:10:43,102 - INFO - Sleeping for: 0.00 seconds
2025-03-03 03:10:45,005 - INFO - coords: PVT(iTOW=97861000, year=2025, month=3, day=3, hour=3, min=10, sec=43, valid=valid(validDate=1, validTime=1, fullyResolved=1, validMag=0), tAcc=31, nano=72056, fixType=3, flags=flags(gnssFixOK=1, diffSoln=0, psmState=0, headVehValid=0, carrSoln=0), flags2=flags2(confirmedAvai=1, confirmedDate=1, confirmedTime=1), numSV=18, lon=-97.3397995, lat=37.6880666, height=400974, hMSL=427393, hAcc=321.8, vAcc=488.3, velN=-12, velE=5, velD=5, gSpeed=13, headMot=0.0, sAcc=260, headAcc=180.00000000000003, pDOP=1.54, flags3=flags3(invalidL1h=0), headVeh=0.0, magDec=0.0, magAcc=0.0)
2025-03-03 03:10:45,005 - INFO - rel_pos: RELPOSNED(version=1, refStationId=0, iTOW=97862000, relPosN=0, relPosE=0, relPosD=0, relPosLength=0, relPosHeading=0.0, relPosHPN=0.0, relPosHPE=0.0, relPosHPD=0.0, relPosHPLength=0.0, accN=0.0, accE=0.0, accD=0.0, accLength=0.0, accHeading=0.0, flags=flags(gnssFixOK=1, diffSoln=0, relPosValid=0, carrSoln=0, isMoving=0, refPosMiss=0, refObsMiss=0, relPosHeadingValid=0, relPosNormalized=0))
2025-03-03 03:10:45,005 - INFO - Data written to CSV: {'timestamp': '2025-03-03 03:10:45', 'latitude': 37.6880666, 'longitude': -97.3397995, 'speed': 0.013, 'rel_north': 0.0, 'rel_east': 0.0, 'rel_down': 0.0, 'heading': 0.0}
2025-03-03 03:10:45,105 - INFO - Elapsed time for this iteration: 2.00 seconds
2025-03-03 03:10:45,105 - INFO - Sleeping for: 0.00 seconds
2025-03-03 03:10:46,958 - INFO - coords: PVT(iTOW=97863000, year=2025, month=3, day=3, hour=3, min=10, sec=45, valid=valid(validDate=1, validTime=1, fullyResolved=1, validMag=0), tAcc=31, nano=71412, fixType=3, flags=flags(gnssFixOK=1, diffSoln=0, psmState=0, headVehValid=0, carrSoln=0), flags2=flags2(confirmedAvai=1, confirmedDate=1, confirmedTime=1), numSV=17, lon=-97.3397995, lat=37.6880671, height=400820, hMSL=427240, hAcc=325.20000000000005, vAcc=497.0, velN=-14, velE=30, velD=-40, gSpeed=34, headMot=0.0, sAcc=350, headAcc=180.00000000000003, pDOP=1.6600000000000001, flags3=flags3(invalidL1h=0), headVeh=0.0, magDec=0.0, magAcc=0.0)
2025-03-03 03:10:46,958 - INFO - rel_pos: RELPOSNED(version=1, refStationId=0, iTOW=97864000, relPosN=0, relPosE=0, relPosD=0, relPosLength=0, relPosHeading=0.0, relPosHPN=0.0, relPosHPE=0.0, relPosHPD=0.0, relPosHPLength=0.0, accN=0.0, accE=0.0, accD=0.0, accLength=0.0, accHeading=0.0, flags=flags(gnssFixOK=1, diffSoln=0, relPosValid=0, carrSoln=0, isMoving=0, refPosMiss=0, refObsMiss=0, relPosHeadingValid=0, relPosNormalized=0))
2025-03-03 03:10:46,958 - INFO - Data written to CSV: {'timestamp': '2025-03-03 03:10:46', 'latitude': 37.6880671, 'longitude': -97.3397995, 'speed': 0.034, 'rel_north': 0.0, 'rel_east': 0.0, 'rel_down': 0.0, 'heading': 0.0}
2025-03-03 03:10:47,058 - INFO - Elapsed time for this iteration: 1.95 seconds
2025-03-03 03:10:47,058 - INFO - Sleeping for: 0.00 seconds
2025-03-03 03:10:48,961 - INFO - coords: PVT(iTOW=97865000, year=2025, month=3, day=3, hour=3, min=10, sec=47, valid=valid(validDate=1, validTime=1, fullyResolved=1, validMag=0), tAcc=32, nano=70770, fixType=3, flags=flags(gnssFixOK=1, diffSoln=0, psmState=0, headVehValid=0, carrSoln=0), flags2=flags2(confirmedAvai=1, confirmedDate=1, confirmedTime=1), numSV=18, lon=-97.3397993, lat=37.6880677, height=400644, hMSL=427064, hAcc=328.20000000000005, vAcc=505.5, velN=-56, velE=-8, velD=-95, gSpeed=57, headMot=0.0, sAcc=384, headAcc=180.00000000000003, pDOP=1.6500000000000001, flags3=flags3(invalidL1h=0), headVeh=0.0, magDec=0.0, magAcc=0.0)
2025-03-03 03:10:48,961 - INFO - rel_pos: RELPOSNED(version=1, refStationId=0, iTOW=97866000, relPosN=0, relPosE=0, relPosD=0, relPosLength=0, relPosHeading=0.0, relPosHPN=0.0, relPosHPE=0.0, relPosHPD=0.0, relPosHPLength=0.0, accN=0.0, accE=0.0, accD=0.0, accLength=0.0, accHeading=0.0, flags=flags(gnssFixOK=1, diffSoln=0, relPosValid=0, carrSoln=0, isMoving=0, refPosMiss=0, refObsMiss=0, relPosHeadingValid=0, relPosNormalized=0))
2025-03-03 03:10:48,961 - INFO - Data written to CSV: {'timestamp': '2025-03-03 03:10:48', 'latitude': 37.6880677, 'longitude': -97.3397993, 'speed': 0.057, 'rel_north': 0.0, 'rel_east': 0.0, 'rel_down': 0.0, 'heading': 0.0}
2025-03-03 03:10:49,062 - INFO - Elapsed time for this iteration: 2.00 seconds
2025-03-03 03:10:49,062 - INFO - Sleeping for: 0.00 seconds
2025-03-03 03:10:51,014 - INFO - coords: PVT(iTOW=97867000, year=2025, month=3, day=3, hour=3, min=10, sec=49, valid=valid(validDate=1, validTime=1, fullyResolved=1, validMag=0), tAcc=32, nano=70129, fixType=3, flags=flags(gnssFixOK=1, diffSoln=0, psmState=0, headVehValid=0, carrSoln=0), flags2=flags2(confirmedAvai=1, confirmedDate=1, confirmedTime=1), numSV=17, lon=-97.3397992, lat=37.688068099999995, height=400483, hMSL=426903, hAcc=331.5, vAcc=512.9, velN=-46, velE=26, velD=-98, gSpeed=53, headMot=0.0, sAcc=384, headAcc=180.00000000000003, pDOP=1.6600000000000001, flags3=flags3(invalidL1h=0), headVeh=0.0, magDec=0.0, magAcc=0.0)
2025-03-03 03:10:51,015 - INFO - rel_pos: RELPOSNED(version=1, refStationId=0, iTOW=97868000, relPosN=0, relPosE=0, relPosD=0, relPosLength=0, relPosHeading=0.0, relPosHPN=0.0, relPosHPE=0.0, relPosHPD=0.0, relPosHPLength=0.0, accN=0.0, accE=0.0, accD=0.0, accLength=0.0, accHeading=0.0, flags=flags(gnssFixOK=1, diffSoln=0, relPosValid=0, carrSoln=0, isMoving=0, refPosMiss=0, refObsMiss=0, relPosHeadingValid=0, relPosNormalized=0))
2025-03-03 03:10:51,015 - INFO - Data written to CSV: {'timestamp': '2025-03-03 03:10:51', 'latitude': 37.688068099999995, 'longitude': -97.3397992, 'speed': 0.053, 'rel_north': 0.0, 'rel_east': 0.0, 'rel_down': 0.0, 'heading': 0.0}
2025-03-03 03:10:51,115 - INFO - Elapsed time for this iteration: 2.05 seconds
2025-03-03 03:10:51,115 - INFO - Sleeping for: 0.00 seconds
2025-03-03 03:10:52,968 - INFO - coords: PVT(iTOW=97869000, year=2025, month=3, day=3, hour=3, min=10, sec=51, valid=valid(validDate=1, validTime=1, fullyResolved=1, validMag=0), tAcc=32, nano=69488, fixType=3, flags=flags(gnssFixOK=1, diffSoln=0, psmState=0, headVehValid=0, carrSoln=0), flags2=flags2(confirmedAvai=1, confirmedDate=1, confirmedTime=1), numSV=17, lon=-97.3397993, lat=37.688069, height=400269, hMSL=426689, hAcc=335.8, vAcc=521.6, velN=20, velE=-18, velD=-21, gSpeed=27, headMot=0.0, sAcc=263, headAcc=180.00000000000003, pDOP=1.6600000000000001, flags3=flags3(invalidL1h=0), headVeh=0.0, magDec=0.0, magAcc=0.0)
2025-03-03 03:10:52,968 - INFO - rel_pos: RELPOSNED(version=1, refStationId=0, iTOW=97870000, relPosN=0, relPosE=0, relPosD=0, relPosLength=0, relPosHeading=0.0, relPosHPN=0.0, relPosHPE=0.0, relPosHPD=0.0, relPosHPLength=0.0, accN=0.0, accE=0.0, accD=0.0, accLength=0.0, accHeading=0.0, flags=flags(gnssFixOK=1, diffSoln=0, relPosValid=0, carrSoln=0, isMoving=0, refPosMiss=0, refObsMiss=0, relPosHeadingValid=0, relPosNormalized=0))
2025-03-03 03:10:52,968 - INFO - Data written to CSV: {'timestamp': '2025-03-03 03:10:52', 'latitude': 37.688069, 'longitude': -97.3397993, 'speed': 0.027, 'rel_north': 0.0, 'rel_east': 0.0, 'rel_down': 0.0, 'heading': 0.0}
2025-03-03 03:10:53,069 - INFO - Elapsed time for this iteration: 1.95 seconds
2025-03-03 03:10:53,069 - INFO - Sleeping for: 0.00 seconds
2025-03-03 03:10:54,971 - INFO - coords: PVT(iTOW=97871000, year=2025, month=3, day=3, hour=3, min=10, sec=53, valid=valid(validDate=1, validTime=1, fullyResolved=1, validMag=0), tAcc=32, nano=68847, fixType=3, flags=flags(gnssFixOK=1, diffSoln=0, psmState=0, headVehValid=0, carrSoln=0), flags2=flags2(confirmedAvai=1, confirmedDate=1, confirmedTime=1), numSV=17, lon=-97.3397995, lat=37.6880698, height=400042, hMSL=426461, hAcc=340.1, vAcc=529.3000000000001, velN=64, velE=-8, velD=55, gSpeed=65, headMot=0.0, sAcc=389, headAcc=180.00000000000003, pDOP=1.68, flags3=flags3(invalidL1h=0), headVeh=0.0, magDec=0.0, magAcc=0.0)
2025-03-03 03:10:54,971 - INFO - rel_pos: RELPOSNED(version=1, refStationId=0, iTOW=97872000, relPosN=0, relPosE=0, relPosD=0, relPosLength=0, relPosHeading=0.0, relPosHPN=0.0, relPosHPE=0.0, relPosHPD=0.0, relPosHPLength=0.0, accN=0.0, accE=0.0, accD=0.0, accLength=0.0, accHeading=0.0, flags=flags(gnssFixOK=1, diffSoln=0, relPosValid=0, carrSoln=0, isMoving=0, refPosMiss=0, refObsMiss=0, relPosHeadingValid=0, relPosNormalized=0))
2025-03-03 03:10:54,972 - INFO - Data written to CSV: {'timestamp': '2025-03-03 03:10:54', 'latitude': 37.6880698, 'longitude': -97.3397995, 'speed': 0.065, 'rel_north': 0.0, 'rel_east': 0.0, 'rel_down': 0.0, 'heading': 0.0}
2025-03-03 03:10:55,072 - INFO - Elapsed time for this iteration: 2.00 seconds
2025-03-03 03:10:55,072 - INFO - Sleeping for: 0.00 seconds
2025-03-03 03:10:56,974 - INFO - coords: PVT(iTOW=97873000, year=2025, month=3, day=3, hour=3, min=10, sec=55, valid=valid(validDate=1, validTime=1, fullyResolved=1, validMag=0), tAcc=32, nano=68204, fixType=3, flags=flags(gnssFixOK=1, diffSoln=0, psmState=0, headVehValid=0, carrSoln=0), flags2=flags2(confirmedAvai=1, confirmedDate=1, confirmedTime=1), numSV=17, lon=-97.3397998, lat=37.6880708, height=399758, hMSL=426178, hAcc=344.3, vAcc=538.1, velN=-8, velE=11, velD=59, gSpeed=13, headMot=0.0, sAcc=340, headAcc=180.00000000000003, pDOP=1.68, flags3=flags3(invalidL1h=0), headVeh=0.0, magDec=0.0, magAcc=0.0)
2025-03-03 03:10:56,975 - INFO - rel_pos: RELPOSNED(version=1, refStationId=0, iTOW=97874000, relPosN=0, relPosE=0, relPosD=0, relPosLength=0, relPosHeading=0.0, relPosHPN=0.0, relPosHPE=0.0, relPosHPD=0.0, relPosHPLength=0.0, accN=0.0, accE=0.0, accD=0.0, accLength=0.0, accHeading=0.0, flags=flags(gnssFixOK=1, diffSoln=0, relPosValid=0, carrSoln=0, isMoving=0, refPosMiss=0, refObsMiss=0, relPosHeadingValid=0, relPosNormalized=0))
2025-03-03 03:10:56,975 - INFO - Data written to CSV: {'timestamp': '2025-03-03 03:10:56', 'latitude': 37.6880708, 'longitude': -97.3397998, 'speed': 0.013, 'rel_north': 0.0, 'rel_east': 0.0, 'rel_down': 0.0, 'heading': 0.0}
2025-03-03 03:10:57,075 - INFO - Elapsed time for this iteration: 2.00 seconds
2025-03-03 03:10:57,075 - INFO - Sleeping for: 0.00 seconds
2025-03-03 03:10:58,977 - INFO - coords: PVT(iTOW=97875000, year=2025, month=3, day=3, hour=3, min=10, sec=57, valid=valid(validDate=1, validTime=1, fullyResolved=1, validMag=0), tAcc=32, nano=67562, fixType=3, flags=flags(gnssFixOK=1, diffSoln=0, psmState=0, headVehValid=0, carrSoln=0), flags2=flags2(confirmedAvai=1, confirmedDate=1, confirmedTime=1), numSV=19, lon=-97.33979959999999, lat=37.6880708, height=399660, hMSL=426080, hAcc=347.3, vAcc=545.0, velN=-49, velE=8, velD=-17, gSpeed=50, headMot=0.0, sAcc=355, headAcc=180.00000000000003, pDOP=1.37, flags3=flags3(invalidL1h=0), headVeh=0.0, magDec=0.0, magAcc=0.0)
2025-03-03 03:10:58,977 - INFO - rel_pos: RELPOSNED(version=1, refStationId=0, iTOW=97876000, relPosN=0, relPosE=0, relPosD=0, relPosLength=0, relPosHeading=0.0, relPosHPN=0.0, relPosHPE=0.0, relPosHPD=0.0, relPosHPLength=0.0, accN=0.0, accE=0.0, accD=0.0, accLength=0.0, accHeading=0.0, flags=flags(gnssFixOK=1, diffSoln=0, relPosValid=0, carrSoln=0, isMoving=0, refPosMiss=0, refObsMiss=0, relPosHeadingValid=0, relPosNormalized=0))
2025-03-03 03:10:58,978 - INFO - Data written to CSV: {'timestamp': '2025-03-03 03:10:58', 'latitude': 37.6880708, 'longitude': -97.33979959999999, 'speed': 0.05, 'rel_north': 0.0, 'rel_east': 0.0, 'rel_down': 0.0, 'heading': 0.0}
