2025-03-03 03:07:30,717 - INFO - Generated Mow ID: 22
2025-03-03 03:07:30,717 - INFO - Listening for UBX Messages.
2025-03-03 03:07:32,977 - INFO - coords: PVT(iTOW=97669000, year=2025, month=3, day=3, hour=3, min=7, sec=31, valid=valid(validDate=1, validTime=1, fullyResolved=1, validMag=0), tAcc=33, nano=134374, fixType=3, flags=flags(gnssFixOK=1, diffSoln=0, psmState=0, headVehValid=0, carrSoln=0), flags2=flags2(confirmedAvai=1, confirmedDate=1, confirmedTime=1), numSV=17, lon=-97.3397988, lat=37.688071099999995, height=405086, hMSL=431505, hAcc=376.70000000000005, vAcc=536.2, velN=-22, velE=18, velD=-44, gSpeed=29, headMot=0.0, sAcc=350, headAcc=180.00000000000003, pDOP=1.82, flags3=flags3(invalidL1h=0), headVeh=0.0, magDec=0.0, magAcc=0.0)
2025-03-03 03:07:32,977 - INFO - rel_pos: RELPOSNED(version=1, refStationId=0, iTOW=97670000, relPosN=0, relPosE=0, relPosD=0, relPosLength=0, relPosHeading=0.0, relPosHPN=0.0, relPosHPE=0.0, relPosHPD=0.0, relPosHPLength=0.0, accN=0.0, accE=0.0, accD=0.0, accLength=0.0, accHeading=0.0, flags=flags(gnssFixOK=1, diffSoln=0, relPosValid=0, carrSoln=0, isMoving=0, refPosMiss=0, refObsMiss=0, relPosHeadingValid=0, relPosNormalized=0))
2025-03-03 03:07:32,977 - INFO - Data written to CSV: {'timestamp': '2025-03-03 03:07:32', 'latitude': 37.688071099999995, 'longitude': -97.3397988, 'speed': 0.029, 'rel_north': 0.0, 'rel_east': 0.0, 'rel_down': 0.0, 'heading': 0.0}
2025-03-03 03:07:33,078 - INFO - Elapsed time for this iteration: 2.36 seconds
2025-03-03 03:07:33,078 - INFO - Sleeping for: 0.00 seconds
2025-03-03 03:07:34,980 - INFO - coords: PVT(iTOW=97671000, year=2025, month=3, day=3, hour=3, min=7, sec=33, valid=valid(validDate=1, validTime=1, fullyResolved=1, validMag=0), tAcc=33, nano=133725, fixType=3, flags=flags(gnssFixOK=1, diffSoln=0, psmState=0, headVehValid=0, carrSoln=0), flags2=flags2(confirmedAvai=1, confirmedDate=1, confirmedTime=1), numSV=17, lon=-97.339798, lat=37.6880709, height=405149, hMSL=431569, hAcc=374.1, vAcc=533.2, velN=-12, velE=-46, velD=55, gSpeed=47, headMot=0.0, sAcc=347, headAcc=180.00000000000003, pDOP=1.82, flags3=flags3(invalidL1h=0), headVeh=0.0, magDec=0.0, magAcc=0.0)
2025-03-03 03:07:34,980 - INFO - rel_pos: RELPOSNED(version=1, refStationId=0, iTOW=97672000, relPosN=0, relPosE=0, relPosD=0, relPosLength=0, relPosHeading=0.0, relPosHPN=0.0, relPosHPE=0.0, relPosHPD=0.0, relPosHPLength=0.0, accN=0.0, accE=0.0, accD=0.0, accLength=0.0, accHeading=0.0, flags=flags(gnssFixOK=1, diffSoln=0, relPosValid=0, carrSoln=0, isMoving=0, refPosMiss=0, refObsMiss=0, relPosHeadingValid=0, relPosNormalized=0))
2025-03-03 03:07:34,981 - INFO - Data written to CSV: {'timestamp': '2025-03-03 03:07:34', 'latitude': 37.6880709, 'longitude': -97.339798, 'speed': 0.047, 'rel_north': 0.0, 'rel_east': 0.0, 'rel_down': 0.0, 'heading': 0.0}
2025-03-03 03:07:35,081 - INFO - Elapsed time for this iteration: 2.00 seconds
2025-03-03 03:07:35,081 - INFO - Sleeping for: 0.00 seconds
2025-03-03 03:07:36,984 - INFO - coords: PVT(iTOW=97673000, year=2025, month=3, day=3, hour=3, min=7, sec=35, valid=valid(validDate=1, validTime=1, fullyResolved=1, validMag=0), tAcc=33, nano=133076, fixType=3, flags=flags(gnssFixOK=1, diffSoln=0, psmState=0, headVehValid=0, carrSoln=0), flags2=flags2(confirmedAvai=1, confirmedDate=1, confirmedTime=1), numSV=17, lon=-97.3397978, lat=37.6880709, height=405056, hMSL=431476, hAcc=372.3, vAcc=531.1, velN=29, velE=-1, velD=35, gSpeed=29, headMot=0.0, sAcc=361, headAcc=180.00000000000003, pDOP=1.82, flags3=flags3(invalidL1h=0), headVeh=0.0, magDec=0.0, magAcc=0.0)
2025-03-03 03:07:36,984 - INFO - rel_pos: RELPOSNED(version=1, refStationId=0, iTOW=97674000, relPosN=0, relPosE=0, relPosD=0, relPosLength=0, relPosHeading=0.0, relPosHPN=0.0, relPosHPE=0.0, relPosHPD=0.0, relPosHPLength=0.0, accN=0.0, accE=0.0, accD=0.0, accLength=0.0, accHeading=0.0, flags=flags(gnssFixOK=1, diffSoln=0, relPosValid=0, carrSoln=0, isMoving=0, refPosMiss=0, refObsMiss=0, relPosHeadingValid=0, relPosNormalized=0))
2025-03-03 03:07:36,984 - INFO - Data written to CSV: {'timestamp': '2025-03-03 03:07:36', 'latitude': 37.6880709, 'longitude': -97.3397978, 'speed': 0.029, 'rel_north': 0.0, 'rel_east': 0.0, 'rel_down': 0.0, 'heading': 0.0}
2025-03-03 03:07:37,085 - INFO - Elapsed time for this iteration: 2.00 seconds
2025-03-03 03:07:37,085 - INFO - Sleeping for: 0.00 seconds
2025-03-03 03:07:38,988 - INFO - coords: PVT(iTOW=97675000, year=2025, month=3, day=3, hour=3, min=7, sec=37, valid=valid(validDate=1, validTime=1, fullyResolved=1, validMag=0), tAcc=33, nano=132426, fixType=3, flags=flags(gnssFixOK=1, diffSoln=0, psmState=0, headVehValid=0, carrSoln=0), flags2=flags2(confirmedAvai=1, confirmedDate=1, confirmedTime=1), numSV=17, lon=-97.3397974, lat=37.6880708, height=405017, hMSL=431437, hAcc=370.0, vAcc=527.0, velN=15, velE=24, velD=49, gSpeed=28, headMot=0.0, sAcc=351, headAcc=180.00000000000003, pDOP=1.46, flags3=flags3(invalidL1h=0), headVeh=0.0, magDec=0.0, magAcc=0.0)
2025-03-03 03:07:38,988 - INFO - rel_pos: RELPOSNED(version=1, refStationId=0, iTOW=97676000, relPosN=0, relPosE=0, relPosD=0, relPosLength=0, relPosHeading=0.0, relPosHPN=0.0, relPosHPE=0.0, relPosHPD=0.0, relPosHPLength=0.0, accN=0.0, accE=0.0, accD=0.0, accLength=0.0, accHeading=0.0, flags=flags(gnssFixOK=1, diffSoln=0, relPosValid=0, carrSoln=0, isMoving=0, refPosMiss=0, refObsMiss=0, relPosHeadingValid=0, relPosNormalized=0))
2025-03-03 03:07:38,988 - INFO - Data written to CSV: {'timestamp': '2025-03-03 03:07:38', 'latitude': 37.6880708, 'longitude': -97.3397974, 'speed': 0.028, 'rel_north': 0.0, 'rel_east': 0.0, 'rel_down': 0.0, 'heading': 0.0}
2025-03-03 03:07:39,088 - INFO - Elapsed time for this iteration: 2.00 seconds
2025-03-03 03:07:39,089 - INFO - Sleeping for: 0.00 seconds
2025-03-03 03:07:40,991 - INFO - coords: PVT(iTOW=97677000, year=2025, month=3, day=3, hour=3, min=7, sec=39, valid=valid(validDate=1, validTime=1, fullyResolved=1, validMag=0), tAcc=33, nano=131776, fixType=3, flags=flags(gnssFixOK=1, diffSoln=0, psmState=0, headVehValid=0, carrSoln=0), flags2=flags2(confirmedAvai=1, confirmedDate=1, confirmedTime=1), numSV=17, lon=-97.33979699999999, lat=37.688070599999996, height=404979, hMSL=431399, hAcc=367.20000000000005, vAcc=521.0, velN=10, velE=-18, velD=-13, gSpeed=20, headMot=0.0, sAcc=269, headAcc=180.00000000000003, pDOP=1.46, flags3=flags3(invalidL1h=0), headVeh=0.0, magDec=0.0, magAcc=0.0)
2025-03-03 03:07:40,992 - INFO - rel_pos: RELPOSNED(version=1, refStationId=0, iTOW=97678000, relPosN=0, relPosE=0, relPosD=0, relPosLength=0, relPosHeading=0.0, relPosHPN=0.0, relPosHPE=0.0, relPosHPD=0.0, relPosHPLength=0.0, accN=0.0, accE=0.0, accD=0.0, accLength=0.0, accHeading=0.0, flags=flags(gnssFixOK=1, diffSoln=0, relPosValid=0, carrSoln=0, isMoving=0, refPosMiss=0, refObsMiss=0, relPosHeadingValid=0, relPosNormalized=0))
2025-03-03 03:07:40,992 - INFO - Data written to CSV: {'timestamp': '2025-03-03 03:07:40', 'latitude': 37.688070599999996, 'longitude': -97.33979699999999, 'speed': 0.02, 'rel_north': 0.0, 'rel_east': 0.0, 'rel_down': 0.0, 'heading': 0.0}
2025-03-03 03:07:41,092 - INFO - Elapsed time for this iteration: 2.00 seconds
2025-03-03 03:07:41,092 - INFO - Sleeping for: 0.00 seconds
2025-03-03 03:07:42,999 - INFO - coords: PVT(iTOW=97679000, year=2025, month=3, day=3, hour=3, min=7, sec=41, valid=valid(validDate=1, validTime=1, fullyResolved=1, validMag=0), tAcc=33, nano=131125, fixType=3, flags=flags(gnssFixOK=1, diffSoln=0, psmState=0, headVehValid=0, carrSoln=0), flags2=flags2(confirmedAvai=1, confirmedDate=1, confirmedTime=1), numSV=18, lon=-97.3397976, lat=37.6880704, height=404873, hMSL=431293, hAcc=365.5, vAcc=517.1, velN=17, velE=-16, velD=51, gSpeed=24, headMot=0.0, sAcc=350, headAcc=180.00000000000003, pDOP=1.46, flags3=flags3(invalidL1h=0), headVeh=0.0, magDec=0.0, magAcc=0.0)
2025-03-03 03:07:42,999 - INFO - rel_pos: RELPOSNED(version=1, refStationId=0, iTOW=97680000, relPosN=0, relPosE=0, relPosD=0, relPosLength=0, relPosHeading=0.0, relPosHPN=0.0, relPosHPE=0.0, relPosHPD=0.0, relPosHPLength=0.0, accN=0.0, accE=0.0, accD=0.0, accLength=0.0, accHeading=0.0, flags=flags(gnssFixOK=1, diffSoln=0, relPosValid=0, carrSoln=0, isMoving=0, refPosMiss=0, refObsMiss=0, relPosHeadingValid=0, relPosNormalized=0))
2025-03-03 03:07:43,000 - INFO - Data written to CSV: {'timestamp': '2025-03-03 03:07:42', 'latitude': 37.6880704, 'longitude': -97.3397976, 'speed': 0.024, 'rel_north': 0.0, 'rel_east': 0.0, 'rel_down': 0.0, 'heading': 0.0}
2025-03-03 03:07:43,100 - INFO - Elapsed time for this iteration: 2.01 seconds
2025-03-03 03:07:43,100 - INFO - Sleeping for: 0.00 seconds
2025-03-03 03:07:45,002 - INFO - coords: PVT(iTOW=97681000, year=2025, month=3, day=3, hour=3, min=7, sec=43, valid=valid(validDate=1, validTime=1, fullyResolved=1, validMag=0), tAcc=33, nano=130473, fixType=3, flags=flags(gnssFixOK=1, diffSoln=0, psmState=0, headVehValid=0, carrSoln=0), flags2=flags2(confirmedAvai=1, confirmedDate=1, confirmedTime=1), numSV=19, lon=-97.339798, lat=37.6880709, height=404817, hMSL=431236, hAcc=363.0, vAcc=513.3000000000001, velN=8, velE=-22, velD=88, gSpeed=23, headMot=0.0, sAcc=341, headAcc=180.00000000000003, pDOP=1.41, flags3=flags3(invalidL1h=0), headVeh=0.0, magDec=0.0, magAcc=0.0)
2025-03-03 03:07:45,002 - INFO - rel_pos: RELPOSNED(version=1, refStationId=0, iTOW=97682000, relPosN=0, relPosE=0, relPosD=0, relPosLength=0, relPosHeading=0.0, relPosHPN=0.0, relPosHPE=0.0, relPosHPD=0.0, relPosHPLength=0.0, accN=0.0, accE=0.0, accD=0.0, accLength=0.0, accHeading=0.0, flags=flags(gnssFixOK=1, diffSoln=0, relPosValid=0, carrSoln=0, isMoving=0, refPosMiss=0, refObsMiss=0, relPosHeadingValid=0, relPosNormalized=0))
2025-03-03 03:07:45,002 - INFO - Data written to CSV: {'timestamp': '2025-03-03 03:07:44', 'latitude': 37.6880709, 'longitude': -97.339798, 'speed': 0.023, 'rel_north': 0.0, 'rel_east': 0.0, 'rel_down': 0.0, 'heading': 0.0}
2025-03-03 03:07:45,103 - INFO - Elapsed time for this iteration: 2.00 seconds
2025-03-03 03:07:45,103 - INFO - Sleeping for: 0.00 seconds
2025-03-03 03:07:47,008 - INFO - coords: PVT(iTOW=97683000, year=2025, month=3, day=3, hour=3, min=7, sec=45, valid=valid(validDate=1, validTime=1, fullyResolved=1, validMag=0), tAcc=33, nano=129822, fixType=3, flags=flags(gnssFixOK=1, diffSoln=0, psmState=0, headVehValid=0, carrSoln=0), flags2=flags2(confirmedAvai=1, confirmedDate=1, confirmedTime=1), numSV=19, lon=-97.3397981, lat=37.6880707, height=404720, hMSL=431140, hAcc=360.40000000000003, vAcc=508.8, velN=-26, velE=41, velD=7, gSpeed=49, headMot=0.0, sAcc=255, headAcc=180.00000000000003, pDOP=1.41, flags3=flags3(invalidL1h=0), headVeh=0.0, magDec=0.0, magAcc=0.0)
2025-03-03 03:07:47,008 - INFO - rel_pos: RELPOSNED(version=1, refStationId=0, iTOW=97684000, relPosN=0, relPosE=0, relPosD=0, relPosLength=0, relPosHeading=0.0, relPosHPN=0.0, relPosHPE=0.0, relPosHPD=0.0, relPosHPLength=0.0, accN=0.0, accE=0.0, accD=0.0, accLength=0.0, accHeading=0.0, flags=flags(gnssFixOK=1, diffSoln=0, relPosValid=0, carrSoln=0, isMoving=0, refPosMiss=0, refObsMiss=0, relPosHeadingValid=0, relPosNormalized=0))
2025-03-03 03:07:47,008 - INFO - Data written to CSV: {'timestamp': '2025-03-03 03:07:47', 'latitude': 37.6880707, 'longitude': -97.3397981, 'speed': 0.049, 'rel_north': 0.0, 'rel_east': 0.0, 'rel_down': 0.0, 'heading': 0.0}
2025-03-03 03:07:47,108 - INFO - Elapsed time for this iteration: 2.01 seconds
2025-03-03 03:07:47,109 - INFO - Sleeping for: 0.00 seconds
2025-03-03 03:07:49,062 - INFO - coords: PVT(iTOW=97685000, year=2025, month=3, day=3, hour=3, min=7, sec=47, valid=valid(validDate=1, validTime=1, fullyResolved=1, validMag=0), tAcc=32, nano=129172, fixType=3, flags=flags(gnssFixOK=1, diffSoln=0, psmState=0, headVehValid=0, carrSoln=0), flags2=flags2(confirmedAvai=1, confirmedDate=1, confirmedTime=1), numSV=18, lon=-97.3397983, lat=37.6880702, height=404655, hMSL=431075, hAcc=358.0, vAcc=504.8, velN=-29, velE=34, velD=-75, gSpeed=45, headMot=0.0, sAcc=339, headAcc=180.00000000000003, pDOP=1.46, flags3=flags3(invalidL1h=0), headVeh=0.0, magDec=0.0, magAcc=0.0)
2025-03-03 03:07:49,063 - INFO - rel_pos: RELPOSNED(version=1, refStationId=0, iTOW=97686000, relPosN=0, relPosE=0, relPosD=0, relPosLength=0, relPosHeading=0.0, relPosHPN=0.0, relPosHPE=0.0, relPosHPD=0.0, relPosHPLength=0.0, accN=0.0, accE=0.0, accD=0.0, accLength=0.0, accHeading=0.0, flags=flags(gnssFixOK=1, diffSoln=0, relPosValid=0, carrSoln=0, isMoving=0, refPosMiss=0, refObsMiss=0, relPosHeadingValid=0, relPosNormalized=0))
2025-03-03 03:07:49,063 - INFO - Data written to CSV: {'timestamp': '2025-03-03 03:07:49', 'latitude': 37.6880702, 'longitude': -97.3397983, 'speed': 0.045, 'rel_north': 0.0, 'rel_east': 0.0, 'rel_down': 0.0, 'heading': 0.0}
2025-03-03 03:07:49,166 - INFO - Elapsed time for this iteration: 2.06 seconds
2025-03-03 03:07:49,166 - INFO - Sleeping for: 0.00 seconds
2025-03-03 03:07:51,021 - INFO - coords: PVT(iTOW=97687000, year=2025, month=3, day=3, hour=3, min=7, sec=49, valid=valid(validDate=1, validTime=1, fullyResolved=1, validMag=0), tAcc=32, nano=128524, fixType=3, flags=flags(gnssFixOK=1, diffSoln=0, psmState=0, headVehValid=0, carrSoln=0), flags2=flags2(confirmedAvai=1, confirmedDate=1, confirmedTime=1), numSV=19, lon=-97.3397992, lat=37.6880702, height=404543, hMSL=430963, hAcc=354.20000000000005, vAcc=499.6, velN=-31, velE=31, velD=-101, gSpeed=43, headMot=0.0, sAcc=340, headAcc=180.00000000000003, pDOP=1.44, flags3=flags3(invalidL1h=0), headVeh=0.0, magDec=0.0, magAcc=0.0)
2025-03-03 03:07:51,021 - INFO - rel_pos: RELPOSNED(version=1, refStationId=0, iTOW=97688000, relPosN=0, relPosE=0, relPosD=0, relPosLength=0, relPosHeading=0.0, relPosHPN=0.0, relPosHPE=0.0, relPosHPD=0.0, relPosHPLength=0.0, accN=0.0, accE=0.0, accD=0.0, accLength=0.0, accHeading=0.0, flags=flags(gnssFixOK=1, diffSoln=0, relPosValid=0, carrSoln=0, isMoving=0, refPosMiss=0, refObsMiss=0, relPosHeadingValid=0, relPosNormalized=0))
2025-03-03 03:07:51,021 - INFO - Data written to CSV: {'timestamp': '2025-03-03 03:07:51', 'latitude': 37.6880702, 'longitude': -97.3397992, 'speed': 0.043, 'rel_north': 0.0, 'rel_east': 0.0, 'rel_down': 0.0, 'heading': 0.0}
2025-03-03 03:07:51,121 - INFO - Elapsed time for this iteration: 1.95 seconds
2025-03-03 03:07:51,121 - INFO - Sleeping for: 0.00 seconds
2025-03-03 03:07:53,025 - INFO - coords: PVT(iTOW=97689000, year=2025, month=3, day=3, hour=3, min=7, sec=51, valid=valid(validDate=1, validTime=1, fullyResolved=1, validMag=0), tAcc=32, nano=127876, fixType=3, flags=flags(gnssFixOK=1, diffSoln=0, psmState=0, headVehValid=0, carrSoln=0), flags2=flags2(confirmedAvai=1, confirmedDate=1, confirmedTime=1), numSV=19, lon=-97.3397998, lat=37.688069899999995, height=404459, hMSL=430879, hAcc=350.8, vAcc=495.5, velN=-47, velE=3, velD=-58, gSpeed=47, headMot=0.0, sAcc=345, headAcc=180.00000000000003, pDOP=1.44, flags3=flags3(invalidL1h=0), headVeh=0.0, magDec=0.0, magAcc=0.0)
2025-03-03 03:07:53,025 - INFO - rel_pos: RELPOSNED(version=1, refStationId=0, iTOW=97690000, relPosN=0, relPosE=0, relPosD=0, relPosLength=0, relPosHeading=0.0, relPosHPN=0.0, relPosHPE=0.0, relPosHPD=0.0, relPosHPLength=0.0, accN=0.0, accE=0.0, accD=0.0, accLength=0.0, accHeading=0.0, flags=flags(gnssFixOK=1, diffSoln=0, relPosValid=0, carrSoln=0, isMoving=0, refPosMiss=0, refObsMiss=0, relPosHeadingValid=0, relPosNormalized=0))
2025-03-03 03:07:53,025 - INFO - Data written to CSV: {'timestamp': '2025-03-03 03:07:53', 'latitude': 37.688069899999995, 'longitude': -97.3397998, 'speed': 0.047, 'rel_north': 0.0, 'rel_east': 0.0, 'rel_down': 0.0, 'heading': 0.0}
2025-03-03 03:07:53,125 - INFO - Elapsed time for this iteration: 2.00 seconds
2025-03-03 03:07:53,126 - INFO - Sleeping for: 0.00 seconds
2025-03-03 03:07:55,029 - INFO - coords: PVT(iTOW=97691000, year=2025, month=3, day=3, hour=3, min=7, sec=53, valid=valid(validDate=1, validTime=1, fullyResolved=1, validMag=0), tAcc=32, nano=127228, fixType=3, flags=flags(gnssFixOK=1, diffSoln=0, psmState=0, headVehValid=0, carrSoln=0), flags2=flags2(confirmedAvai=1, confirmedDate=1, confirmedTime=1), numSV=20, lon=-97.3398002, lat=37.6880692, height=404452, hMSL=430872, hAcc=346.70000000000005, vAcc=490.3, velN=-8, velE=-49, velD=61, gSpeed=50, headMot=0.0, sAcc=322, headAcc=180.00000000000003, pDOP=1.44, flags3=flags3(invalidL1h=0), headVeh=0.0, magDec=0.0, magAcc=0.0)
2025-03-03 03:07:55,029 - INFO - rel_pos: RELPOSNED(version=1, refStationId=0, iTOW=97692000, relPosN=0, relPosE=0, relPosD=0, relPosLength=0, relPosHeading=0.0, relPosHPN=0.0, relPosHPE=0.0, relPosHPD=0.0, relPosHPLength=0.0, accN=0.0, accE=0.0, accD=0.0, accLength=0.0, accHeading=0.0, flags=flags(gnssFixOK=1, diffSoln=0, relPosValid=0, carrSoln=0, isMoving=0, refPosMiss=0, refObsMiss=0, relPosHeadingValid=0, relPosNormalized=0))
2025-03-03 03:07:55,029 - INFO - Data written to CSV: {'timestamp': '2025-03-03 03:07:55', 'latitude': 37.6880692, 'longitude': -97.3398002, 'speed': 0.05, 'rel_north': 0.0, 'rel_east': 0.0, 'rel_down': 0.0, 'heading': 0.0}
2025-03-03 03:07:55,129 - INFO - Elapsed time for this iteration: 2.00 seconds
2025-03-03 03:07:55,130 - INFO - Sleeping for: 0.00 seconds
