2025-03-03 03:06:27,779 - INFO - Generated Mow ID: 69
2025-03-03 03:06:27,779 - INFO - Listening for UBX Messages.
2025-03-03 03:06:29,989 - INFO - coords: PVT(iTOW=97606000, year=2025, month=3, day=3, hour=3, min=6, sec=28, valid=valid(validDate=1, validTime=1, fullyResolved=1, validMag=0), tAcc=34, nano=155046, fixType=3, flags=flags(gnssFixOK=1, diffSoln=0, psmState=0, headVehValid=0, carrSoln=0), flags2=flags2(confirmedAvai=1, confirmedDate=1, confirmedTime=1), numSV=18, lon=-97.33978979999999, lat=37.6880776, height=402213, hMSL=428632, hAcc=411.3, vAcc=584.0, velN=-30, velE=46, velD=-100, gSpeed=55, headMot=0.0, sAcc=374, headAcc=180.00000000000003, pDOP=1.37, flags3=flags3(invalidL1h=0), headVeh=0.0, magDec=0.0, magAcc=0.0)
2025-03-03 03:06:29,989 - INFO - rel_pos: RELPOSNED(version=1, refStationId=0, iTOW=97607000, relPosN=0, relPosE=0, relPosD=0, relPosLength=0, relPosHeading=0.0, relPosHPN=0.0, relPosHPE=0.0, relPosHPD=0.0, relPosHPLength=0.0, accN=0.0, accE=0.0, accD=0.0, accLength=0.0, accHeading=0.0, flags=flags(gnssFixOK=1, diffSoln=0, relPosValid=0, carrSoln=0, isMoving=0, refPosMiss=0, refObsMiss=0, relPosHeadingValid=0, relPosNormalized=0))
2025-03-03 03:06:29,989 - INFO - Data written to CSV: {'timestamp': '2025-03-03 03:06:29', 'latitude': 37.6880776, 'longitude': -97.33978979999999, 'speed': 0.055, 'rel_north': 0.0, 'rel_east': 0.0, 'rel_down': 0.0, 'heading': 0.0}
2025-03-03 03:06:30,089 - INFO - Elapsed time for this iteration: 2.30 seconds
2025-03-03 03:06:30,089 - INFO - Sleeping for: 0.00 seconds
2025-03-03 03:06:31,992 - INFO - coords: PVT(iTOW=97608000, year=2025, month=3, day=3, hour=3, min=6, sec=30, valid=valid(validDate=1, validTime=1, fullyResolved=1, validMag=0), tAcc=34, nano=154383, fixType=3, flags=flags(gnssFixOK=1, diffSoln=0, psmState=0, headVehValid=0, carrSoln=0), flags2=flags2(confirmedAvai=1, confirmedDate=1, confirmedTime=1), numSV=18, lon=-97.339789, lat=37.6880777, height=402058, hMSL=428478, hAcc=410.20000000000005, vAcc=579.5, velN=-42, velE=63, velD=-116, gSpeed=76, headMot=0.0, sAcc=372, headAcc=180.00000000000003, pDOP=1.37, flags3=flags3(invalidL1h=0), headVeh=0.0, magDec=0.0, magAcc=0.0)
2025-03-03 03:06:31,992 - INFO - rel_pos: RELPOSNED(version=1, refStationId=0, iTOW=97609000, relPosN=0, relPosE=0, relPosD=0, relPosLength=0, relPosHeading=0.0, relPosHPN=0.0, relPosHPE=0.0, relPosHPD=0.0, relPosHPLength=0.0, accN=0.0, accE=0.0, accD=0.0, accLength=0.0, accHeading=0.0, flags=flags(gnssFixOK=1, diffSoln=0, relPosValid=0, carrSoln=0, isMoving=0, refPosMiss=0, refObsMiss=0, relPosHeadingValid=0, relPosNormalized=0))
2025-03-03 03:06:31,992 - INFO - Data written to CSV: {'timestamp': '2025-03-03 03:06:31', 'latitude': 37.6880777, 'longitude': -97.339789, 'speed': 0.076, 'rel_north': 0.0, 'rel_east': 0.0, 'rel_down': 0.0, 'heading': 0.0}
2025-03-03 03:06:32,092 - INFO - Elapsed time for this iteration: 2.00 seconds
2025-03-03 03:06:32,092 - INFO - Sleeping for: 0.00 seconds
2025-03-03 03:06:33,995 - INFO - coords: PVT(iTOW=97610000, year=2025, month=3, day=3, hour=3, min=6, sec=32, valid=valid(validDate=1, validTime=1, fullyResolved=1, validMag=0), tAcc=34, nano=153722, fixType=3, flags=flags(gnssFixOK=1, diffSoln=0, psmState=0, headVehValid=0, carrSoln=0), flags2=flags2(confirmedAvai=1, confirmedDate=1, confirmedTime=1), numSV=18, lon=-97.3397882, lat=37.688078499999996, height=401953, hMSL=428372, hAcc=407.90000000000003, vAcc=575.6, velN=88, velE=26, velD=-85, gSpeed=92, headMot=0.0, sAcc=361, headAcc=180.00000000000003, pDOP=1.37, flags3=flags3(invalidL1h=0), headVeh=0.0, magDec=0.0, magAcc=0.0)
2025-03-03 03:06:33,995 - INFO - rel_pos: RELPOSNED(version=1, refStationId=0, iTOW=97611000, relPosN=0, relPosE=0, relPosD=0, relPosLength=0, relPosHeading=0.0, relPosHPN=0.0, relPosHPE=0.0, relPosHPD=0.0, relPosHPLength=0.0, accN=0.0, accE=0.0, accD=0.0, accLength=0.0, accHeading=0.0, flags=flags(gnssFixOK=1, diffSoln=0, relPosValid=0, carrSoln=0, isMoving=0, refPosMiss=0, refObsMiss=0, relPosHeadingValid=0, relPosNormalized=0))
2025-03-03 03:06:33,995 - INFO - Data written to CSV: {'timestamp': '2025-03-03 03:06:33', 'latitude': 37.688078499999996, 'longitude': -97.3397882, 'speed': 0.092, 'rel_north': 0.0, 'rel_east': 0.0, 'rel_down': 0.0, 'heading': 0.0}
2025-03-03 03:06:34,096 - INFO - Elapsed time for this iteration: 2.00 seconds
2025-03-03 03:06:34,096 - INFO - Sleeping for: 0.00 seconds
2025-03-03 03:06:35,999 - INFO - coords: PVT(iTOW=97612000, year=2025, month=3, day=3, hour=3, min=6, sec=34, valid=valid(validDate=1, validTime=1, fullyResolved=1, validMag=0), tAcc=34, nano=153059, fixType=3, flags=flags(gnssFixOK=1, diffSoln=0, psmState=0, headVehValid=0, carrSoln=0), flags2=flags2(confirmedAvai=1, confirmedDate=1, confirmedTime=1), numSV=18, lon=-97.3397883, lat=37.6880793, height=401994, hMSL=428414, hAcc=405.90000000000003, vAcc=575.2, velN=-2, velE=-5, velD=-12, gSpeed=5, headMot=0.0, sAcc=374, headAcc=180.00000000000003, pDOP=1.37, flags3=flags3(invalidL1h=0), headVeh=0.0, magDec=0.0, magAcc=0.0)
2025-03-03 03:06:35,999 - INFO - rel_pos: RELPOSNED(version=1, refStationId=0, iTOW=97613000, relPosN=0, relPosE=0, relPosD=0, relPosLength=0, relPosHeading=0.0, relPosHPN=0.0, relPosHPE=0.0, relPosHPD=0.0, relPosHPLength=0.0, accN=0.0, accE=0.0, accD=0.0, accLength=0.0, accHeading=0.0, flags=flags(gnssFixOK=1, diffSoln=0, relPosValid=0, carrSoln=0, isMoving=0, refPosMiss=0, refObsMiss=0, relPosHeadingValid=0, relPosNormalized=0))
2025-03-03 03:06:35,999 - INFO - Data written to CSV: {'timestamp': '2025-03-03 03:06:35', 'latitude': 37.6880793, 'longitude': -97.3397883, 'speed': 0.005, 'rel_north': 0.0, 'rel_east': 0.0, 'rel_down': 0.0, 'heading': 0.0}
2025-03-03 03:06:36,099 - INFO - Elapsed time for this iteration: 2.00 seconds
2025-03-03 03:06:36,099 - INFO - Sleeping for: 0.00 seconds
2025-03-03 03:06:38,002 - INFO - coords: PVT(iTOW=97614000, year=2025, month=3, day=3, hour=3, min=6, sec=36, valid=valid(validDate=1, validTime=1, fullyResolved=1, validMag=0), tAcc=34, nano=152396, fixType=3, flags=flags(gnssFixOK=1, diffSoln=0, psmState=0, headVehValid=0, carrSoln=0), flags2=flags2(confirmedAvai=1, confirmedDate=1, confirmedTime=1), numSV=16, lon=-97.3397887, lat=37.6880794, height=402024, hMSL=428444, hAcc=405.5, vAcc=577.8000000000001, velN=1, velE=-40, velD=61, gSpeed=40, headMot=0.0, sAcc=377, headAcc=180.00000000000003, pDOP=1.86, flags3=flags3(invalidL1h=0), headVeh=0.0, magDec=0.0, magAcc=0.0)
2025-03-03 03:06:38,002 - INFO - rel_pos: RELPOSNED(version=1, refStationId=0, iTOW=97615000, relPosN=0, relPosE=0, relPosD=0, relPosLength=0, relPosHeading=0.0, relPosHPN=0.0, relPosHPE=0.0, relPosHPD=0.0, relPosHPLength=0.0, accN=0.0, accE=0.0, accD=0.0, accLength=0.0, accHeading=0.0, flags=flags(gnssFixOK=1, diffSoln=0, relPosValid=0, carrSoln=0, isMoving=0, refPosMiss=0, refObsMiss=0, relPosHeadingValid=0, relPosNormalized=0))
2025-03-03 03:06:38,002 - INFO - Data written to CSV: {'timestamp': '2025-03-03 03:06:37', 'latitude': 37.6880794, 'longitude': -97.3397887, 'speed': 0.04, 'rel_north': 0.0, 'rel_east': 0.0, 'rel_down': 0.0, 'heading': 0.0}
2025-03-03 03:06:38,102 - INFO - Elapsed time for this iteration: 2.00 seconds
2025-03-03 03:06:38,103 - INFO - Sleeping for: 0.00 seconds
