2025-03-03 02:54:01,028 - INFO - Generated Mow ID: 99
2025-03-03 02:54:01,028 - INFO - Listening for UBX Messages.
2025-03-03 02:54:02,988 - INFO - coords: PVT(iTOW=96859000, year=2025, month=3, day=3, hour=2, min=54, sec=1, valid=valid(validDate=1, validTime=1, fullyResolved=1, validMag=0), tAcc=37, nano=400945, fixType=3, flags=flags(gnssFixOK=1, diffSoln=0, psmState=0, headVehValid=0, carrSoln=0), flags2=flags2(confirmedAvai=1, confirmedDate=1, confirmedTime=1), numSV=16, lon=-97.33981449999999, lat=37.6880983, height=402362, hMSL=428782, hAcc=428.8, vAcc=721.0, velN=-15, velE=27, velD=-46, gSpeed=31, headMot=0.0, sAcc=370, headAcc=180.00000000000003, pDOP=1.95, flags3=flags3(invalidL1h=0), headVeh=0.0, magDec=0.0, magAcc=0.0)
2025-03-03 02:54:02,988 - INFO - rel_pos: RELPOSNED(version=1, refStationId=0, iTOW=96860000, relPosN=0, relPosE=0, relPosD=0, relPosLength=0, relPosHeading=0.0, relPosHPN=0.0, relPosHPE=0.0, relPosHPD=0.0, relPosHPLength=0.0, accN=0.0, accE=0.0, accD=0.0, accLength=0.0, accHeading=0.0, flags=flags(gnssFixOK=1, diffSoln=0, relPosValid=0, carrSoln=0, isMoving=0, refPosMiss=0, refObsMiss=0, relPosHeadingValid=0, relPosNormalized=0))
2025-03-03 02:54:02,988 - INFO - Data written to CSV: {'timestamp': '2025-03-03 02:54:02', 'latitude': 37.6880983, 'longitude': -97.33981449999999, 'speed': 0.031, 'rel_north': 0.0, 'rel_east': 0.0, 'rel_down': 0.0, 'heading': 0.0}
2025-03-03 02:54:03,089 - INFO - Elapsed time for this iteration: 2.05 seconds
2025-03-03 02:54:03,089 - INFO - Sleeping for: 0.00 seconds
2025-03-03 02:54:04,992 - INFO - coords: PVT(iTOW=96861000, year=2025, month=3, day=3, hour=2, min=54, sec=3, valid=valid(validDate=1, validTime=1, fullyResolved=1, validMag=0), tAcc=37, nano=400248, fixType=3, flags=flags(gnssFixOK=1, diffSoln=0, psmState=0, headVehValid=0, carrSoln=0), flags2=flags2(confirmedAvai=1, confirmedDate=1, confirmedTime=1), numSV=16, lon=-97.3398149, lat=37.6880983, height=402349, hMSL=428768, hAcc=423.70000000000005, vAcc=716.2, velN=10, velE=18, velD=-55, gSpeed=20, headMot=0.0, sAcc=367, headAcc=180.00000000000003, pDOP=1.95, flags3=flags3(invalidL1h=0), headVeh=0.0, magDec=0.0, magAcc=0.0)
2025-03-03 02:54:04,992 - INFO - rel_pos: RELPOSNED(version=1, refStationId=0, iTOW=96862000, relPosN=0, relPosE=0, relPosD=0, relPosLength=0, relPosHeading=0.0, relPosHPN=0.0, relPosHPE=0.0, relPosHPD=0.0, relPosHPLength=0.0, accN=0.0, accE=0.0, accD=0.0, accLength=0.0, accHeading=0.0, flags=flags(gnssFixOK=1, diffSoln=0, relPosValid=0, carrSoln=0, isMoving=0, refPosMiss=0, refObsMiss=0, relPosHeadingValid=0, relPosNormalized=0))
2025-03-03 02:54:04,992 - INFO - Data written to CSV: {'timestamp': '2025-03-03 02:54:04', 'latitude': 37.6880983, 'longitude': -97.3398149, 'speed': 0.02, 'rel_north': 0.0, 'rel_east': 0.0, 'rel_down': 0.0, 'heading': 0.0}
2025-03-03 02:54:05,092 - INFO - Elapsed time for this iteration: 2.00 seconds
2025-03-03 02:54:05,092 - INFO - Sleeping for: 0.00 seconds
2025-03-03 02:54:06,995 - INFO - coords: PVT(iTOW=96863000, year=2025, month=3, day=3, hour=2, min=54, sec=5, valid=valid(validDate=1, validTime=1, fullyResolved=1, validMag=0), tAcc=37, nano=399551, fixType=3, flags=flags(gnssFixOK=1, diffSoln=0, psmState=0, headVehValid=0, carrSoln=0), flags2=flags2(confirmedAvai=1, confirmedDate=1, confirmedTime=1), numSV=16, lon=-97.3398149, lat=37.688098499999995, height=402310, hMSL=428730, hAcc=419.90000000000003, vAcc=714.1, velN=-18, velE=-19, velD=-21, gSpeed=26, headMot=0.0, sAcc=364, headAcc=180.00000000000003, pDOP=1.95, flags3=flags3(invalidL1h=0), headVeh=0.0, magDec=0.0, magAcc=0.0)
2025-03-03 02:54:06,995 - INFO - rel_pos: RELPOSNED(version=1, refStationId=0, iTOW=96864000, relPosN=0, relPosE=0, relPosD=0, relPosLength=0, relPosHeading=0.0, relPosHPN=0.0, relPosHPE=0.0, relPosHPD=0.0, relPosHPLength=0.0, accN=0.0, accE=0.0, accD=0.0, accLength=0.0, accHeading=0.0, flags=flags(gnssFixOK=1, diffSoln=0, relPosValid=0, carrSoln=0, isMoving=0, refPosMiss=0, refObsMiss=0, relPosHeadingValid=0, relPosNormalized=0))
2025-03-03 02:54:06,995 - INFO - Data written to CSV: {'timestamp': '2025-03-03 02:54:06', 'latitude': 37.688098499999995, 'longitude': -97.3398149, 'speed': 0.026, 'rel_north': 0.0, 'rel_east': 0.0, 'rel_down': 0.0, 'heading': 0.0}
2025-03-03 02:54:07,096 - INFO - Elapsed time for this iteration: 2.00 seconds
2025-03-03 02:54:07,096 - INFO - Sleeping for: 0.00 seconds
2025-03-03 02:54:08,999 - INFO - coords: PVT(iTOW=96865000, year=2025, month=3, day=3, hour=2, min=54, sec=7, valid=valid(validDate=1, validTime=1, fullyResolved=1, validMag=0), tAcc=37, nano=398852, fixType=3, flags=flags(gnssFixOK=1, diffSoln=0, psmState=0, headVehValid=0, carrSoln=0), flags2=flags2(confirmedAvai=1, confirmedDate=1, confirmedTime=1), numSV=16, lon=-97.33981539999999, lat=37.6880988, height=402182, hMSL=428602, hAcc=420.8, vAcc=716.7, velN=72, velE=-28, velD=64, gSpeed=78, headMot=0.0, sAcc=396, headAcc=180.00000000000003, pDOP=1.95, flags3=flags3(invalidL1h=0), headVeh=0.0, magDec=0.0, magAcc=0.0)
2025-03-03 02:54:08,999 - INFO - rel_pos: RELPOSNED(version=1, refStationId=0, iTOW=96866000, relPosN=0, relPosE=0, relPosD=0, relPosLength=0, relPosHeading=0.0, relPosHPN=0.0, relPosHPE=0.0, relPosHPD=0.0, relPosHPLength=0.0, accN=0.0, accE=0.0, accD=0.0, accLength=0.0, accHeading=0.0, flags=flags(gnssFixOK=1, diffSoln=0, relPosValid=0, carrSoln=0, isMoving=0, refPosMiss=0, refObsMiss=0, relPosHeadingValid=0, relPosNormalized=0))
2025-03-03 02:54:08,999 - INFO - Data written to CSV: {'timestamp': '2025-03-03 02:54:08', 'latitude': 37.6880988, 'longitude': -97.33981539999999, 'speed': 0.078, 'rel_north': 0.0, 'rel_east': 0.0, 'rel_down': 0.0, 'heading': 0.0}
2025-03-03 02:54:09,099 - INFO - Elapsed time for this iteration: 2.00 seconds
2025-03-03 02:54:09,099 - INFO - Sleeping for: 0.00 seconds
