2025-03-03 02:49:49,486 - INFO - Generated Mow ID: 44
2025-03-03 02:49:49,486 - INFO - Listening for UBX Messages.
2025-03-03 02:49:51,995 - INFO - coords: PVT(iTOW=96608000, year=2025, month=3, day=3, hour=2, min=49, sec=50, valid=valid(validDate=1, validTime=1, fullyResolved=1, validMag=0), tAcc=36, nano=489071, fixType=3, flags=flags(gnssFixOK=1, diffSoln=0, psmState=0, headVehValid=0, carrSoln=0), flags2=flags2(confirmedAvai=1, confirmedDate=1, confirmedTime=1), numSV=17, lon=-97.33981519999999, lat=37.6880508, height=406882, hMSL=433302, hAcc=409.40000000000003, vAcc=694.9000000000001, velN=-31, velE=32, velD=-117, gSpeed=45, headMot=0.0, sAcc=402, headAcc=180.00000000000003, pDOP=1.52, flags3=flags3(invalidL1h=0), headVeh=0.0, magDec=0.0, magAcc=0.0)
2025-03-03 02:49:51,995 - INFO - rel_pos: RELPOSNED(version=1, refStationId=0, iTOW=96609000, relPosN=0, relPosE=0, relPosD=0, relPosLength=0, relPosHeading=0.0, relPosHPN=0.0, relPosHPE=0.0, relPosHPD=0.0, relPosHPLength=0.0, accN=0.0, accE=0.0, accD=0.0, accLength=0.0, accHeading=0.0, flags=flags(gnssFixOK=1, diffSoln=0, relPosValid=0, carrSoln=0, isMoving=0, refPosMiss=0, refObsMiss=0, relPosHeadingValid=0, relPosNormalized=0))
2025-03-03 02:49:51,995 - INFO - Data written to CSV: {'timestamp': '2025-03-03 02:49:51', 'latitude': 37.6880508, 'longitude': -97.33981519999999, 'speed': 0.045, 'rel_north': 0.0, 'rel_east': 0.0, 'rel_down': 0.0, 'heading': 0.0}
2025-03-03 02:49:52,095 - INFO - Elapsed time for this iteration: 2.60 seconds
2025-03-03 02:49:52,095 - INFO - Sleeping for: 0.00 seconds
2025-03-03 02:49:53,998 - INFO - coords: PVT(iTOW=96610000, year=2025, month=3, day=3, hour=2, min=49, sec=52, valid=valid(validDate=1, validTime=1, fullyResolved=1, validMag=0), tAcc=36, nano=488364, fixType=3, flags=flags(gnssFixOK=1, diffSoln=0, psmState=0, headVehValid=0, carrSoln=0), flags2=flags2(confirmedAvai=1, confirmedDate=1, confirmedTime=1), numSV=18, lon=-97.3398137, lat=37.6880508, height=406945, hMSL=433365, hAcc=408.90000000000003, vAcc=697.0, velN=-34, velE=16, velD=-64, gSpeed=37, headMot=0.0, sAcc=405, headAcc=180.00000000000003, pDOP=1.48, flags3=flags3(invalidL1h=0), headVeh=0.0, magDec=0.0, magAcc=0.0)
2025-03-03 02:49:53,998 - INFO - rel_pos: RELPOSNED(version=1, refStationId=0, iTOW=96611000, relPosN=0, relPosE=0, relPosD=0, relPosLength=0, relPosHeading=0.0, relPosHPN=0.0, relPosHPE=0.0, relPosHPD=0.0, relPosHPLength=0.0, accN=0.0, accE=0.0, accD=0.0, accLength=0.0, accHeading=0.0, flags=flags(gnssFixOK=1, diffSoln=0, relPosValid=0, carrSoln=0, isMoving=0, refPosMiss=0, refObsMiss=0, relPosHeadingValid=0, relPosNormalized=0))
2025-03-03 02:49:53,998 - INFO - Data written to CSV: {'timestamp': '2025-03-03 02:49:53', 'latitude': 37.6880508, 'longitude': -97.3398137, 'speed': 0.037, 'rel_north': 0.0, 'rel_east': 0.0, 'rel_down': 0.0, 'heading': 0.0}
2025-03-03 02:49:54,099 - INFO - Elapsed time for this iteration: 2.00 seconds
2025-03-03 02:49:54,099 - INFO - Sleeping for: 0.00 seconds
2025-03-03 02:49:56,005 - INFO - coords: PVT(iTOW=96612000, year=2025, month=3, day=3, hour=2, min=49, sec=54, valid=valid(validDate=1, validTime=1, fullyResolved=1, validMag=0), tAcc=36, nano=487655, fixType=3, flags=flags(gnssFixOK=1, diffSoln=0, psmState=0, headVehValid=0, carrSoln=0), flags2=flags2(confirmedAvai=1, confirmedDate=1, confirmedTime=1), numSV=19, lon=-97.33981279999999, lat=37.6880508, height=407194, hMSL=433613, hAcc=410.40000000000003, vAcc=702.6, velN=-11, velE=34, velD=-102, gSpeed=36, headMot=0.0, sAcc=416, headAcc=180.00000000000003, pDOP=1.46, flags3=flags3(invalidL1h=0), headVeh=0.0, magDec=0.0, magAcc=0.0)
2025-03-03 02:49:56,005 - INFO - rel_pos: RELPOSNED(version=1, refStationId=0, iTOW=96613000, relPosN=0, relPosE=0, relPosD=0, relPosLength=0, relPosHeading=0.0, relPosHPN=0.0, relPosHPE=0.0, relPosHPD=0.0, relPosHPLength=0.0, accN=0.0, accE=0.0, accD=0.0, accLength=0.0, accHeading=0.0, flags=flags(gnssFixOK=1, diffSoln=0, relPosValid=0, carrSoln=0, isMoving=0, refPosMiss=0, refObsMiss=0, relPosHeadingValid=0, relPosNormalized=0))
2025-03-03 02:49:56,005 - INFO - Data written to CSV: {'timestamp': '2025-03-03 02:49:56', 'latitude': 37.6880508, 'longitude': -97.33981279999999, 'speed': 0.036, 'rel_north': 0.0, 'rel_east': 0.0, 'rel_down': 0.0, 'heading': 0.0}
2025-03-03 02:49:56,105 - INFO - Elapsed time for this iteration: 2.01 seconds
2025-03-03 02:49:56,106 - INFO - Sleeping for: 0.00 seconds
2025-03-03 02:49:58,010 - INFO - coords: PVT(iTOW=96614000, year=2025, month=3, day=3, hour=2, min=49, sec=56, valid=valid(validDate=1, validTime=1, fullyResolved=1, validMag=0), tAcc=36, nano=486947, fixType=3, flags=flags(gnssFixOK=1, diffSoln=0, psmState=0, headVehValid=0, carrSoln=0), flags2=flags2(confirmedAvai=1, confirmedDate=1, confirmedTime=1), numSV=20, lon=-97.33981279999999, lat=37.6880516, height=407116, hMSL=433536, hAcc=412.1, vAcc=710.6, velN=34, velE=-20, velD=-36, gSpeed=40, headMot=0.0, sAcc=386, headAcc=180.00000000000003, pDOP=1.46, flags3=flags3(invalidL1h=0), headVeh=0.0, magDec=0.0, magAcc=0.0)
2025-03-03 02:49:58,010 - INFO - rel_pos: RELPOSNED(version=1, refStationId=0, iTOW=96615000, relPosN=0, relPosE=0, relPosD=0, relPosLength=0, relPosHeading=0.0, relPosHPN=0.0, relPosHPE=0.0, relPosHPD=0.0, relPosHPLength=0.0, accN=0.0, accE=0.0, accD=0.0, accLength=0.0, accHeading=0.0, flags=flags(gnssFixOK=1, diffSoln=0, relPosValid=0, carrSoln=0, isMoving=0, refPosMiss=0, refObsMiss=0, relPosHeadingValid=0, relPosNormalized=0))
2025-03-03 02:49:58,010 - INFO - Data written to CSV: {'timestamp': '2025-03-03 02:49:58', 'latitude': 37.6880516, 'longitude': -97.33981279999999, 'speed': 0.04, 'rel_north': 0.0, 'rel_east': 0.0, 'rel_down': 0.0, 'heading': 0.0}
2025-03-03 02:49:58,111 - INFO - Elapsed time for this iteration: 2.00 seconds
2025-03-03 02:49:58,111 - INFO - Sleeping for: 0.00 seconds
2025-03-03 02:50:00,013 - INFO - coords: PVT(iTOW=96616000, year=2025, month=3, day=3, hour=2, min=49, sec=58, valid=valid(validDate=1, validTime=1, fullyResolved=1, validMag=0), tAcc=36, nano=486240, fixType=3, flags=flags(gnssFixOK=1, diffSoln=0, psmState=0, headVehValid=0, carrSoln=0), flags2=flags2(confirmedAvai=1, confirmedDate=1, confirmedTime=1), numSV=20, lon=-97.3398146, lat=37.688051699999995, height=406775, hMSL=433195, hAcc=415.3, vAcc=721.4000000000001, velN=-2, velE=-15, velD=4, gSpeed=16, headMot=0.0, sAcc=444, headAcc=180.00000000000003, pDOP=1.42, flags3=flags3(invalidL1h=0), headVeh=0.0, magDec=0.0, magAcc=0.0)
2025-03-03 02:50:00,013 - INFO - rel_pos: RELPOSNED(version=1, refStationId=0, iTOW=96617000, relPosN=0, relPosE=0, relPosD=0, relPosLength=0, relPosHeading=0.0, relPosHPN=0.0, relPosHPE=0.0, relPosHPD=0.0, relPosHPLength=0.0, accN=0.0, accE=0.0, accD=0.0, accLength=0.0, accHeading=0.0, flags=flags(gnssFixOK=1, diffSoln=0, relPosValid=0, carrSoln=0, isMoving=0, refPosMiss=0, refObsMiss=0, relPosHeadingValid=0, relPosNormalized=0))
2025-03-03 02:50:00,013 - INFO - Data written to CSV: {'timestamp': '2025-03-03 02:50:00', 'latitude': 37.688051699999995, 'longitude': -97.3398146, 'speed': 0.016, 'rel_north': 0.0, 'rel_east': 0.0, 'rel_down': 0.0, 'heading': 0.0}
2025-03-03 02:50:00,113 - INFO - Elapsed time for this iteration: 2.00 seconds
2025-03-03 02:50:00,114 - INFO - Sleeping for: 0.00 seconds
2025-03-03 02:50:01,966 - INFO - coords: PVT(iTOW=96618000, year=2025, month=3, day=3, hour=2, min=50, sec=0, valid=valid(validDate=1, validTime=1, fullyResolved=1, validMag=0), tAcc=37, nano=485532, fixType=3, flags=flags(gnssFixOK=1, diffSoln=0, psmState=0, headVehValid=0, carrSoln=0), flags2=flags2(confirmedAvai=1, confirmedDate=1, confirmedTime=1), numSV=19, lon=-97.33981469999999, lat=37.688052, height=406731, hMSL=433151, hAcc=416.8, vAcc=729.1, velN=40, velE=-49, velD=13, gSpeed=64, headMot=0.0, sAcc=415, headAcc=180.00000000000003, pDOP=1.46, flags3=flags3(invalidL1h=0), headVeh=0.0, magDec=0.0, magAcc=0.0)
2025-03-03 02:50:01,966 - INFO - rel_pos: RELPOSNED(version=1, refStationId=0, iTOW=96619000, relPosN=0, relPosE=0, relPosD=0, relPosLength=0, relPosHeading=0.0, relPosHPN=0.0, relPosHPE=0.0, relPosHPD=0.0, relPosHPLength=0.0, accN=0.0, accE=0.0, accD=0.0, accLength=0.0, accHeading=0.0, flags=flags(gnssFixOK=1, diffSoln=0, relPosValid=0, carrSoln=0, isMoving=0, refPosMiss=0, refObsMiss=0, relPosHeadingValid=0, relPosNormalized=0))
2025-03-03 02:50:01,966 - INFO - Data written to CSV: {'timestamp': '2025-03-03 02:50:01', 'latitude': 37.688052, 'longitude': -97.33981469999999, 'speed': 0.064, 'rel_north': 0.0, 'rel_east': 0.0, 'rel_down': 0.0, 'heading': 0.0}
2025-03-03 02:50:02,067 - INFO - Elapsed time for this iteration: 1.95 seconds
2025-03-03 02:50:02,067 - INFO - Sleeping for: 0.00 seconds
2025-03-03 02:50:03,969 - INFO - coords: PVT(iTOW=96620000, year=2025, month=3, day=3, hour=2, min=50, sec=2, valid=valid(validDate=1, validTime=1, fullyResolved=1, validMag=0), tAcc=37, nano=484823, fixType=3, flags=flags(gnssFixOK=1, diffSoln=0, psmState=0, headVehValid=0, carrSoln=0), flags2=flags2(confirmedAvai=1, confirmedDate=1, confirmedTime=1), numSV=19, lon=-97.3398149, lat=37.6880522, height=406574, hMSL=432994, hAcc=417.6, vAcc=735.5, velN=41, velE=-25, velD=42, gSpeed=48, headMot=0.0, sAcc=433, headAcc=180.00000000000003, pDOP=1.46, flags3=flags3(invalidL1h=0), headVeh=0.0, magDec=0.0, magAcc=0.0)
2025-03-03 02:50:03,969 - INFO - rel_pos: RELPOSNED(version=1, refStationId=0, iTOW=96621000, relPosN=0, relPosE=0, relPosD=0, relPosLength=0, relPosHeading=0.0, relPosHPN=0.0, relPosHPE=0.0, relPosHPD=0.0, relPosHPLength=0.0, accN=0.0, accE=0.0, accD=0.0, accLength=0.0, accHeading=0.0, flags=flags(gnssFixOK=1, diffSoln=0, relPosValid=0, carrSoln=0, isMoving=0, refPosMiss=0, refObsMiss=0, relPosHeadingValid=0, relPosNormalized=0))
2025-03-03 02:50:03,970 - INFO - Data written to CSV: {'timestamp': '2025-03-03 02:50:03', 'latitude': 37.6880522, 'longitude': -97.3398149, 'speed': 0.048, 'rel_north': 0.0, 'rel_east': 0.0, 'rel_down': 0.0, 'heading': 0.0}
2025-03-03 02:50:04,070 - INFO - Elapsed time for this iteration: 2.00 seconds
2025-03-03 02:50:04,070 - INFO - Sleeping for: 0.00 seconds
2025-03-03 02:50:06,023 - INFO - coords: PVT(iTOW=96622000, year=2025, month=3, day=3, hour=2, min=50, sec=4, valid=valid(validDate=1, validTime=1, fullyResolved=1, validMag=0), tAcc=37, nano=484114, fixType=3, flags=flags(gnssFixOK=1, diffSoln=0, psmState=0, headVehValid=0, carrSoln=0), flags2=flags2(confirmedAvai=1, confirmedDate=1, confirmedTime=1), numSV=19, lon=-97.3398169, lat=37.6880525, height=406083, hMSL=432502, hAcc=418.90000000000003, vAcc=742.4000000000001, velN=32, velE=-75, velD=153, gSpeed=81, headMot=0.0, sAcc=437, headAcc=180.00000000000003, pDOP=1.45, flags3=flags3(invalidL1h=0), headVeh=0.0, magDec=0.0, magAcc=0.0)
2025-03-03 02:50:06,024 - INFO - rel_pos: RELPOSNED(version=1, refStationId=0, iTOW=96623000, relPosN=0, relPosE=0, relPosD=0, relPosLength=0, relPosHeading=0.0, relPosHPN=0.0, relPosHPE=0.0, relPosHPD=0.0, relPosHPLength=0.0, accN=0.0, accE=0.0, accD=0.0, accLength=0.0, accHeading=0.0, flags=flags(gnssFixOK=1, diffSoln=0, relPosValid=0, carrSoln=0, isMoving=0, refPosMiss=0, refObsMiss=0, relPosHeadingValid=0, relPosNormalized=0))
2025-03-03 02:50:06,024 - INFO - Data written to CSV: {'timestamp': '2025-03-03 02:50:06', 'latitude': 37.6880525, 'longitude': -97.3398169, 'speed': 0.081, 'rel_north': 0.0, 'rel_east': 0.0, 'rel_down': 0.0, 'heading': 0.0}
2025-03-03 02:50:06,124 - INFO - Elapsed time for this iteration: 2.05 seconds
2025-03-03 02:50:06,124 - INFO - Sleeping for: 0.00 seconds
2025-03-03 02:50:07,976 - INFO - coords: PVT(iTOW=96624000, year=2025, month=3, day=3, hour=2, min=50, sec=6, valid=valid(validDate=1, validTime=1, fullyResolved=1, validMag=0), tAcc=37, nano=483404, fixType=3, flags=flags(gnssFixOK=1, diffSoln=0, psmState=0, headVehValid=0, carrSoln=0), flags2=flags2(confirmedAvai=1, confirmedDate=1, confirmedTime=1), numSV=18, lon=-97.3398184, lat=37.6880518, height=406183, hMSL=432602, hAcc=421.0, vAcc=749.3000000000001, velN=2, velE=17, velD=58, gSpeed=17, headMot=0.0, sAcc=453, headAcc=180.00000000000003, pDOP=1.48, flags3=flags3(invalidL1h=0), headVeh=0.0, magDec=0.0, magAcc=0.0)
2025-03-03 02:50:07,976 - INFO - rel_pos: RELPOSNED(version=1, refStationId=0, iTOW=96625000, relPosN=0, relPosE=0, relPosD=0, relPosLength=0, relPosHeading=0.0, relPosHPN=0.0, relPosHPE=0.0, relPosHPD=0.0, relPosHPLength=0.0, accN=0.0, accE=0.0, accD=0.0, accLength=0.0, accHeading=0.0, flags=flags(gnssFixOK=1, diffSoln=0, relPosValid=0, carrSoln=0, isMoving=0, refPosMiss=0, refObsMiss=0, relPosHeadingValid=0, relPosNormalized=0))
2025-03-03 02:50:07,976 - INFO - Data written to CSV: {'timestamp': '2025-03-03 02:50:07', 'latitude': 37.6880518, 'longitude': -97.3398184, 'speed': 0.017, 'rel_north': 0.0, 'rel_east': 0.0, 'rel_down': 0.0, 'heading': 0.0}
2025-03-03 02:50:08,077 - INFO - Elapsed time for this iteration: 1.95 seconds
2025-03-03 02:50:08,077 - INFO - Sleeping for: 0.00 seconds
2025-03-03 02:50:10,029 - INFO - coords: PVT(iTOW=96626000, year=2025, month=3, day=3, hour=2, min=50, sec=8, valid=valid(validDate=1, validTime=1, fullyResolved=1, validMag=0), tAcc=37, nano=482694, fixType=3, flags=flags(gnssFixOK=1, diffSoln=0, psmState=0, headVehValid=0, carrSoln=0), flags2=flags2(confirmedAvai=1, confirmedDate=1, confirmedTime=1), numSV=19, lon=-97.3398186, lat=37.6880506, height=406231, hMSL=432651, hAcc=423.90000000000003, vAcc=757.8000000000001, velN=-60, velE=36, velD=-39, gSpeed=69, headMot=0.0, sAcc=435, headAcc=180.00000000000003, pDOP=1.45, flags3=flags3(invalidL1h=0), headVeh=0.0, magDec=0.0, magAcc=0.0)
2025-03-03 02:50:10,030 - INFO - rel_pos: RELPOSNED(version=1, refStationId=0, iTOW=96627000, relPosN=0, relPosE=0, relPosD=0, relPosLength=0, relPosHeading=0.0, relPosHPN=0.0, relPosHPE=0.0, relPosHPD=0.0, relPosHPLength=0.0, accN=0.0, accE=0.0, accD=0.0, accLength=0.0, accHeading=0.0, flags=flags(gnssFixOK=1, diffSoln=0, relPosValid=0, carrSoln=0, isMoving=0, refPosMiss=0, refObsMiss=0, relPosHeadingValid=0, relPosNormalized=0))
2025-03-03 02:50:10,030 - INFO - Data written to CSV: {'timestamp': '2025-03-03 02:50:10', 'latitude': 37.6880506, 'longitude': -97.3398186, 'speed': 0.069, 'rel_north': 0.0, 'rel_east': 0.0, 'rel_down': 0.0, 'heading': 0.0}
2025-03-03 02:50:10,130 - INFO - Elapsed time for this iteration: 2.05 seconds
2025-03-03 02:50:10,130 - INFO - Sleeping for: 0.00 seconds
2025-03-03 02:50:11,983 - INFO - coords: PVT(iTOW=96628000, year=2025, month=3, day=3, hour=2, min=50, sec=10, valid=valid(validDate=1, validTime=1, fullyResolved=1, validMag=0), tAcc=37, nano=481984, fixType=3, flags=flags(gnssFixOK=1, diffSoln=0, psmState=0, headVehValid=0, carrSoln=0), flags2=flags2(confirmedAvai=1, confirmedDate=1, confirmedTime=1), numSV=19, lon=-97.33981879999999, lat=37.6880496, height=406315, hMSL=432734, hAcc=425.70000000000005, vAcc=763.7, velN=-18, velE=-64, velD=13, gSpeed=66, headMot=0.0, sAcc=404, headAcc=180.00000000000003, pDOP=1.45, flags3=flags3(invalidL1h=0), headVeh=0.0, magDec=0.0, magAcc=0.0)
2025-03-03 02:50:11,983 - INFO - rel_pos: RELPOSNED(version=1, refStationId=0, iTOW=96629000, relPosN=0, relPosE=0, relPosD=0, relPosLength=0, relPosHeading=0.0, relPosHPN=0.0, relPosHPE=0.0, relPosHPD=0.0, relPosHPLength=0.0, accN=0.0, accE=0.0, accD=0.0, accLength=0.0, accHeading=0.0, flags=flags(gnssFixOK=1, diffSoln=0, relPosValid=0, carrSoln=0, isMoving=0, refPosMiss=0, refObsMiss=0, relPosHeadingValid=0, relPosNormalized=0))
2025-03-03 02:50:11,983 - INFO - Data written to CSV: {'timestamp': '2025-03-03 02:50:11', 'latitude': 37.6880496, 'longitude': -97.33981879999999, 'speed': 0.066, 'rel_north': 0.0, 'rel_east': 0.0, 'rel_down': 0.0, 'heading': 0.0}
2025-03-03 02:50:12,084 - INFO - Elapsed time for this iteration: 1.95 seconds
2025-03-03 02:50:12,084 - INFO - Sleeping for: 0.00 seconds
2025-03-03 02:50:13,986 - INFO - coords: PVT(iTOW=96630000, year=2025, month=3, day=3, hour=2, min=50, sec=12, valid=valid(validDate=1, validTime=1, fullyResolved=1, validMag=0), tAcc=37, nano=481275, fixType=3, flags=flags(gnssFixOK=1, diffSoln=0, psmState=0, headVehValid=0, carrSoln=0), flags2=flags2(confirmedAvai=1, confirmedDate=1, confirmedTime=1), numSV=19, lon=-97.3398186, lat=37.6880497, height=406296, hMSL=432716, hAcc=427.90000000000003, vAcc=769.5, velN=13, velE=-5, velD=27, gSpeed=14, headMot=0.0, sAcc=455, headAcc=180.00000000000003, pDOP=1.45, flags3=flags3(invalidL1h=0), headVeh=0.0, magDec=0.0, magAcc=0.0)
2025-03-03 02:50:13,987 - INFO - rel_pos: RELPOSNED(version=1, refStationId=0, iTOW=96631000, relPosN=0, relPosE=0, relPosD=0, relPosLength=0, relPosHeading=0.0, relPosHPN=0.0, relPosHPE=0.0, relPosHPD=0.0, relPosHPLength=0.0, accN=0.0, accE=0.0, accD=0.0, accLength=0.0, accHeading=0.0, flags=flags(gnssFixOK=1, diffSoln=0, relPosValid=0, carrSoln=0, isMoving=0, refPosMiss=0, refObsMiss=0, relPosHeadingValid=0, relPosNormalized=0))
2025-03-03 02:50:13,987 - INFO - Data written to CSV: {'timestamp': '2025-03-03 02:50:13', 'latitude': 37.6880497, 'longitude': -97.3398186, 'speed': 0.014, 'rel_north': 0.0, 'rel_east': 0.0, 'rel_down': 0.0, 'heading': 0.0}
2025-03-03 02:50:14,087 - INFO - Elapsed time for this iteration: 2.00 seconds
2025-03-03 02:50:14,087 - INFO - Sleeping for: 0.00 seconds
2025-03-03 02:50:15,990 - INFO - coords: PVT(iTOW=96632000, year=2025, month=3, day=3, hour=2, min=50, sec=14, valid=valid(validDate=1, validTime=1, fullyResolved=1, validMag=0), tAcc=38, nano=480564, fixType=3, flags=flags(gnssFixOK=1, diffSoln=0, psmState=0, headVehValid=0, carrSoln=0), flags2=flags2(confirmedAvai=1, confirmedDate=1, confirmedTime=1), numSV=19, lon=-97.33981779999999, lat=37.688049899999996, height=406491, hMSL=432911, hAcc=429.8, vAcc=775.4000000000001, velN=-6, velE=-70, velD=79, gSpeed=70, headMot=0.0, sAcc=450, headAcc=180.00000000000003, pDOP=1.45, flags3=flags3(invalidL1h=0), headVeh=0.0, magDec=0.0, magAcc=0.0)
2025-03-03 02:50:15,991 - INFO - rel_pos: RELPOSNED(version=1, refStationId=0, iTOW=96633000, relPosN=0, relPosE=0, relPosD=0, relPosLength=0, relPosHeading=0.0, relPosHPN=0.0, relPosHPE=0.0, relPosHPD=0.0, relPosHPLength=0.0, accN=0.0, accE=0.0, accD=0.0, accLength=0.0, accHeading=0.0, flags=flags(gnssFixOK=1, diffSoln=0, relPosValid=0, carrSoln=0, isMoving=0, refPosMiss=0, refObsMiss=0, relPosHeadingValid=0, relPosNormalized=0))
2025-03-03 02:50:15,991 - INFO - Data written to CSV: {'timestamp': '2025-03-03 02:50:15', 'latitude': 37.688049899999996, 'longitude': -97.33981779999999, 'speed': 0.07, 'rel_north': 0.0, 'rel_east': 0.0, 'rel_down': 0.0, 'heading': 0.0}
2025-03-03 02:50:16,091 - INFO - Elapsed time for this iteration: 2.00 seconds
2025-03-03 02:50:16,091 - INFO - Sleeping for: 0.00 seconds
