2025-03-03 03:03:49,506 - INFO - Generated Mow ID: 09
2025-03-03 03:03:49,506 - INFO - Listening for UBX Messages.
2025-03-03 03:03:51,969 - INFO - coords: PVT(iTOW=97448000, year=2025, month=3, day=3, hour=3, min=3, sec=50, valid=valid(validDate=1, validTime=1, fullyResolved=1, validMag=0), tAcc=34, nano=207458, fixType=3, flags=flags(gnssFixOK=1, diffSoln=0, psmState=0, headVehValid=0, carrSoln=0), flags2=flags2(confirmedAvai=1, confirmedDate=1, confirmedTime=1), numSV=20, lon=-97.33983219999999, lat=37.68804, height=402220, hMSL=428640, hAcc=414.90000000000003, vAcc=589.6, velN=59, velE=24, velD=32, gSpeed=63, headMot=0.0, sAcc=393, headAcc=180.00000000000003, pDOP=1.27, flags3=flags3(invalidL1h=0), headVeh=0.0, magDec=0.0, magAcc=0.0)
2025-03-03 03:03:51,969 - INFO - rel_pos: RELPOSNED(version=1, refStationId=0, iTOW=97449000, relPosN=0, relPosE=0, relPosD=0, relPosLength=0, relPosHeading=0.0, relPosHPN=0.0, relPosHPE=0.0, relPosHPD=0.0, relPosHPLength=0.0, accN=0.0, accE=0.0, accD=0.0, accLength=0.0, accHeading=0.0, flags=flags(gnssFixOK=1, diffSoln=0, relPosValid=0, carrSoln=0, isMoving=0, refPosMiss=0, refObsMiss=0, relPosHeadingValid=0, relPosNormalized=0))
2025-03-03 03:03:51,969 - INFO - Data written to CSV: {'timestamp': '2025-03-03 03:03:51', 'latitude': 37.68804, 'longitude': -97.33983219999999, 'speed': 0.063, 'rel_north': 0.0, 'rel_east': 0.0, 'rel_down': 0.0, 'heading': 0.0}
2025-03-03 03:03:52,069 - INFO - Elapsed time for this iteration: 2.56 seconds
2025-03-03 03:03:52,069 - INFO - Sleeping for: 0.00 seconds
2025-03-03 03:03:53,972 - INFO - coords: PVT(iTOW=97450000, year=2025, month=3, day=3, hour=3, min=3, sec=52, valid=valid(validDate=1, validTime=1, fullyResolved=1, validMag=0), tAcc=34, nano=206810, fixType=3, flags=flags(gnssFixOK=1, diffSoln=0, psmState=0, headVehValid=0, carrSoln=0), flags2=flags2(confirmedAvai=1, confirmedDate=1, confirmedTime=1), numSV=19, lon=-97.33983169999999, lat=37.688041, height=402021, hMSL=428441, hAcc=414.8, vAcc=586.8000000000001, velN=69, velE=26, velD=71, gSpeed=73, headMot=0.0, sAcc=403, headAcc=180.00000000000003, pDOP=1.28, flags3=flags3(invalidL1h=0), headVeh=0.0, magDec=0.0, magAcc=0.0)
2025-03-03 03:03:53,972 - INFO - rel_pos: RELPOSNED(version=1, refStationId=0, iTOW=97451000, relPosN=0, relPosE=0, relPosD=0, relPosLength=0, relPosHeading=0.0, relPosHPN=0.0, relPosHPE=0.0, relPosHPD=0.0, relPosHPLength=0.0, accN=0.0, accE=0.0, accD=0.0, accLength=0.0, accHeading=0.0, flags=flags(gnssFixOK=1, diffSoln=0, relPosValid=0, carrSoln=0, isMoving=0, refPosMiss=0, refObsMiss=0, relPosHeadingValid=0, relPosNormalized=0))
2025-03-03 03:03:53,972 - INFO - Data written to CSV: {'timestamp': '2025-03-03 03:03:53', 'latitude': 37.688041, 'longitude': -97.33983169999999, 'speed': 0.073, 'rel_north': 0.0, 'rel_east': 0.0, 'rel_down': 0.0, 'heading': 0.0}
2025-03-03 03:03:54,073 - INFO - Elapsed time for this iteration: 2.00 seconds
2025-03-03 03:03:54,073 - INFO - Sleeping for: 0.00 seconds
2025-03-03 03:03:56,026 - INFO - coords: PVT(iTOW=97452000, year=2025, month=3, day=3, hour=3, min=3, sec=54, valid=valid(validDate=1, validTime=1, fullyResolved=1, validMag=0), tAcc=34, nano=206160, fixType=3, flags=flags(gnssFixOK=1, diffSoln=0, psmState=0, headVehValid=0, carrSoln=0), flags2=flags2(confirmedAvai=1, confirmedDate=1, confirmedTime=1), numSV=18, lon=-97.33983219999999, lat=37.688040799999996, height=402024, hMSL=428444, hAcc=415.5, vAcc=585.2, velN=66, velE=18, velD=116, gSpeed=68, headMot=0.0, sAcc=390, headAcc=180.00000000000003, pDOP=1.3, flags3=flags3(invalidL1h=0), headVeh=0.0, magDec=0.0, magAcc=0.0)
2025-03-03 03:03:56,026 - INFO - rel_pos: RELPOSNED(version=1, refStationId=0, iTOW=97453000, relPosN=0, relPosE=0, relPosD=0, relPosLength=0, relPosHeading=0.0, relPosHPN=0.0, relPosHPE=0.0, relPosHPD=0.0, relPosHPLength=0.0, accN=0.0, accE=0.0, accD=0.0, accLength=0.0, accHeading=0.0, flags=flags(gnssFixOK=1, diffSoln=0, relPosValid=0, carrSoln=0, isMoving=0, refPosMiss=0, refObsMiss=0, relPosHeadingValid=0, relPosNormalized=0))
2025-03-03 03:03:56,026 - INFO - Data written to CSV: {'timestamp': '2025-03-03 03:03:56', 'latitude': 37.688040799999996, 'longitude': -97.33983219999999, 'speed': 0.068, 'rel_north': 0.0, 'rel_east': 0.0, 'rel_down': 0.0, 'heading': 0.0}
2025-03-03 03:03:56,127 - INFO - Elapsed time for this iteration: 2.05 seconds
2025-03-03 03:03:56,127 - INFO - Sleeping for: 0.00 seconds
2025-03-03 03:03:58,030 - INFO - coords: PVT(iTOW=97454000, year=2025, month=3, day=3, hour=3, min=3, sec=56, valid=valid(validDate=1, validTime=1, fullyResolved=1, validMag=0), tAcc=34, nano=205507, fixType=3, flags=flags(gnssFixOK=1, diffSoln=0, psmState=0, headVehValid=0, carrSoln=0), flags2=flags2(confirmedAvai=1, confirmedDate=1, confirmedTime=1), numSV=20, lon=-97.3398326, lat=37.6880405, height=402019, hMSL=428438, hAcc=414.5, vAcc=581.9, velN=92, velE=29, velD=186, gSpeed=96, headMot=0.0, sAcc=383, headAcc=180.00000000000003, pDOP=1.29, flags3=flags3(invalidL1h=0), headVeh=0.0, magDec=0.0, magAcc=0.0)
2025-03-03 03:03:58,030 - INFO - rel_pos: RELPOSNED(version=1, refStationId=0, iTOW=97455000, relPosN=0, relPosE=0, relPosD=0, relPosLength=0, relPosHeading=0.0, relPosHPN=0.0, relPosHPE=0.0, relPosHPD=0.0, relPosHPLength=0.0, accN=0.0, accE=0.0, accD=0.0, accLength=0.0, accHeading=0.0, flags=flags(gnssFixOK=1, diffSoln=0, relPosValid=0, carrSoln=0, isMoving=0, refPosMiss=0, refObsMiss=0, relPosHeadingValid=0, relPosNormalized=0))
2025-03-03 03:03:58,030 - INFO - Data written to CSV: {'timestamp': '2025-03-03 03:03:58', 'latitude': 37.6880405, 'longitude': -97.3398326, 'speed': 0.096, 'rel_north': 0.0, 'rel_east': 0.0, 'rel_down': 0.0, 'heading': 0.0}
2025-03-03 03:03:58,131 - INFO - Elapsed time for this iteration: 2.00 seconds
2025-03-03 03:03:58,131 - INFO - Sleeping for: 0.00 seconds
2025-03-03 03:04:00,037 - INFO - coords: PVT(iTOW=97456000, year=2025, month=3, day=3, hour=3, min=3, sec=58, valid=valid(validDate=1, validTime=1, fullyResolved=1, validMag=0), tAcc=33, nano=204855, fixType=3, flags=flags(gnssFixOK=1, diffSoln=0, psmState=0, headVehValid=0, carrSoln=0), flags2=flags2(confirmedAvai=1, confirmedDate=1, confirmedTime=1), numSV=21, lon=-97.3398319, lat=37.688040699999995, height=401699, hMSL=428118, hAcc=413.0, vAcc=578.8000000000001, velN=54, velE=33, velD=150, gSpeed=63, headMot=0.0, sAcc=384, headAcc=180.00000000000003, pDOP=1.26, flags3=flags3(invalidL1h=0), headVeh=0.0, magDec=0.0, magAcc=0.0)
2025-03-03 03:04:00,037 - INFO - rel_pos: RELPOSNED(version=1, refStationId=0, iTOW=97457000, relPosN=0, relPosE=0, relPosD=0, relPosLength=0, relPosHeading=0.0, relPosHPN=0.0, relPosHPE=0.0, relPosHPD=0.0, relPosHPLength=0.0, accN=0.0, accE=0.0, accD=0.0, accLength=0.0, accHeading=0.0, flags=flags(gnssFixOK=1, diffSoln=0, relPosValid=0, carrSoln=0, isMoving=0, refPosMiss=0, refObsMiss=0, relPosHeadingValid=0, relPosNormalized=0))
2025-03-03 03:04:00,037 - INFO - Data written to CSV: {'timestamp': '2025-03-03 03:04:00', 'latitude': 37.688040699999995, 'longitude': -97.3398319, 'speed': 0.063, 'rel_north': 0.0, 'rel_east': 0.0, 'rel_down': 0.0, 'heading': 0.0}
2025-03-03 03:04:00,137 - INFO - Elapsed time for this iteration: 2.01 seconds
2025-03-03 03:04:00,137 - INFO - Sleeping for: 0.00 seconds
2025-03-03 03:04:02,041 - INFO - coords: PVT(iTOW=97458000, year=2025, month=3, day=3, hour=3, min=4, sec=0, valid=valid(validDate=1, validTime=1, fullyResolved=1, validMag=0), tAcc=33, nano=204201, fixType=3, flags=flags(gnssFixOK=1, diffSoln=0, psmState=0, headVehValid=0, carrSoln=0), flags2=flags2(confirmedAvai=1, confirmedDate=1, confirmedTime=1), numSV=21, lon=-97.3398323, lat=37.6880403, height=401692, hMSL=428112, hAcc=413.6, vAcc=578.9, velN=44, velE=26, velD=99, gSpeed=51, headMot=0.0, sAcc=395, headAcc=180.00000000000003, pDOP=1.26, flags3=flags3(invalidL1h=0), headVeh=0.0, magDec=0.0, magAcc=0.0)
2025-03-03 03:04:02,041 - INFO - rel_pos: RELPOSNED(version=1, refStationId=0, iTOW=97459000, relPosN=0, relPosE=0, relPosD=0, relPosLength=0, relPosHeading=0.0, relPosHPN=0.0, relPosHPE=0.0, relPosHPD=0.0, relPosHPLength=0.0, accN=0.0, accE=0.0, accD=0.0, accLength=0.0, accHeading=0.0, flags=flags(gnssFixOK=1, diffSoln=0, relPosValid=0, carrSoln=0, isMoving=0, refPosMiss=0, refObsMiss=0, relPosHeadingValid=0, relPosNormalized=0))
2025-03-03 03:04:02,041 - INFO - Data written to CSV: {'timestamp': '2025-03-03 03:04:02', 'latitude': 37.6880403, 'longitude': -97.3398323, 'speed': 0.051, 'rel_north': 0.0, 'rel_east': 0.0, 'rel_down': 0.0, 'heading': 0.0}
2025-03-03 03:04:02,141 - INFO - Elapsed time for this iteration: 2.00 seconds
2025-03-03 03:04:02,142 - INFO - Sleeping for: 0.00 seconds
2025-03-03 03:04:03,995 - INFO - coords: PVT(iTOW=97460000, year=2025, month=3, day=3, hour=3, min=4, sec=2, valid=valid(validDate=1, validTime=1, fullyResolved=1, validMag=0), tAcc=33, nano=203548, fixType=3, flags=flags(gnssFixOK=1, diffSoln=0, psmState=0, headVehValid=0, carrSoln=0), flags2=flags2(confirmedAvai=1, confirmedDate=1, confirmedTime=1), numSV=19, lon=-97.3398328, lat=37.6880397, height=401764, hMSL=428183, hAcc=413.90000000000003, vAcc=578.5, velN=-2, velE=-26, velD=27, gSpeed=27, headMot=0.0, sAcc=292, headAcc=180.00000000000003, pDOP=1.29, flags3=flags3(invalidL1h=0), headVeh=0.0, magDec=0.0, magAcc=0.0)
2025-03-03 03:04:03,995 - INFO - rel_pos: RELPOSNED(version=1, refStationId=0, iTOW=97461000, relPosN=0, relPosE=0, relPosD=0, relPosLength=0, relPosHeading=0.0, relPosHPN=0.0, relPosHPE=0.0, relPosHPD=0.0, relPosHPLength=0.0, accN=0.0, accE=0.0, accD=0.0, accLength=0.0, accHeading=0.0, flags=flags(gnssFixOK=1, diffSoln=0, relPosValid=0, carrSoln=0, isMoving=0, refPosMiss=0, refObsMiss=0, relPosHeadingValid=0, relPosNormalized=0))
2025-03-03 03:04:03,995 - INFO - Data written to CSV: {'timestamp': '2025-03-03 03:04:03', 'latitude': 37.6880397, 'longitude': -97.3398328, 'speed': 0.027, 'rel_north': 0.0, 'rel_east': 0.0, 'rel_down': 0.0, 'heading': 0.0}
2025-03-03 03:04:04,095 - INFO - Elapsed time for this iteration: 1.95 seconds
2025-03-03 03:04:04,095 - INFO - Sleeping for: 0.00 seconds
2025-03-03 03:04:05,998 - INFO - coords: PVT(iTOW=97462000, year=2025, month=3, day=3, hour=3, min=4, sec=4, valid=valid(validDate=1, validTime=1, fullyResolved=1, validMag=0), tAcc=33, nano=202895, fixType=3, flags=flags(gnssFixOK=1, diffSoln=0, psmState=0, headVehValid=0, carrSoln=0), flags2=flags2(confirmedAvai=1, confirmedDate=1, confirmedTime=1), numSV=21, lon=-97.339833, lat=37.688038999999996, height=401846, hMSL=428266, hAcc=412.90000000000003, vAcc=576.8000000000001, velN=20, velE=13, velD=-9, gSpeed=24, headMot=0.0, sAcc=320, headAcc=180.00000000000003, pDOP=1.24, flags3=flags3(invalidL1h=0), headVeh=0.0, magDec=0.0, magAcc=0.0)
2025-03-03 03:04:05,998 - INFO - rel_pos: RELPOSNED(version=1, refStationId=0, iTOW=97463000, relPosN=0, relPosE=0, relPosD=0, relPosLength=0, relPosHeading=0.0, relPosHPN=0.0, relPosHPE=0.0, relPosHPD=0.0, relPosHPLength=0.0, accN=0.0, accE=0.0, accD=0.0, accLength=0.0, accHeading=0.0, flags=flags(gnssFixOK=1, diffSoln=0, relPosValid=0, carrSoln=0, isMoving=0, refPosMiss=0, refObsMiss=0, relPosHeadingValid=0, relPosNormalized=0))
2025-03-03 03:04:05,998 - INFO - Data written to CSV: {'timestamp': '2025-03-03 03:04:05', 'latitude': 37.688038999999996, 'longitude': -97.339833, 'speed': 0.024, 'rel_north': 0.0, 'rel_east': 0.0, 'rel_down': 0.0, 'heading': 0.0}
2025-03-03 03:04:06,099 - INFO - Elapsed time for this iteration: 2.00 seconds
2025-03-03 03:04:06,099 - INFO - Sleeping for: 0.00 seconds
2025-03-03 03:04:08,001 - INFO - coords: PVT(iTOW=97464000, year=2025, month=3, day=3, hour=3, min=4, sec=6, valid=valid(validDate=1, validTime=1, fullyResolved=1, validMag=0), tAcc=33, nano=202242, fixType=3, flags=flags(gnssFixOK=1, diffSoln=0, psmState=0, headVehValid=0, carrSoln=0), flags2=flags2(confirmedAvai=1, confirmedDate=1, confirmedTime=1), numSV=21, lon=-97.3398328, lat=37.6880387, height=401955, hMSL=428374, hAcc=411.6, vAcc=575.1, velN=46, velE=38, velD=63, gSpeed=59, headMot=0.0, sAcc=399, headAcc=180.00000000000003, pDOP=1.24, flags3=flags3(invalidL1h=0), headVeh=0.0, magDec=0.0, magAcc=0.0)
2025-03-03 03:04:08,001 - INFO - rel_pos: RELPOSNED(version=1, refStationId=0, iTOW=97465000, relPosN=0, relPosE=0, relPosD=0, relPosLength=0, relPosHeading=0.0, relPosHPN=0.0, relPosHPE=0.0, relPosHPD=0.0, relPosHPLength=0.0, accN=0.0, accE=0.0, accD=0.0, accLength=0.0, accHeading=0.0, flags=flags(gnssFixOK=1, diffSoln=0, relPosValid=0, carrSoln=0, isMoving=0, refPosMiss=0, refObsMiss=0, relPosHeadingValid=0, relPosNormalized=0))
2025-03-03 03:04:08,002 - INFO - Data written to CSV: {'timestamp': '2025-03-03 03:04:07', 'latitude': 37.6880387, 'longitude': -97.3398328, 'speed': 0.059, 'rel_north': 0.0, 'rel_east': 0.0, 'rel_down': 0.0, 'heading': 0.0}
2025-03-03 03:04:08,102 - INFO - Elapsed time for this iteration: 2.00 seconds
2025-03-03 03:04:08,102 - INFO - Sleeping for: 0.00 seconds
2025-03-03 03:04:10,004 - INFO - coords: PVT(iTOW=97466000, year=2025, month=3, day=3, hour=3, min=4, sec=8, valid=valid(validDate=1, validTime=1, fullyResolved=1, validMag=0), tAcc=33, nano=201588, fixType=3, flags=flags(gnssFixOK=1, diffSoln=0, psmState=0, headVehValid=0, carrSoln=0), flags2=flags2(confirmedAvai=1, confirmedDate=1, confirmedTime=1), numSV=20, lon=-97.3398327, lat=37.688038399999996, height=402125, hMSL=428544, hAcc=409.70000000000005, vAcc=573.3000000000001, velN=-15, velE=-14, velD=58, gSpeed=21, headMot=0.0, sAcc=307, headAcc=180.00000000000003, pDOP=1.33, flags3=flags3(invalidL1h=0), headVeh=0.0, magDec=0.0, magAcc=0.0)
2025-03-03 03:04:10,004 - INFO - rel_pos: RELPOSNED(version=1, refStationId=0, iTOW=97467000, relPosN=0, relPosE=0, relPosD=0, relPosLength=0, relPosHeading=0.0, relPosHPN=0.0, relPosHPE=0.0, relPosHPD=0.0, relPosHPLength=0.0, accN=0.0, accE=0.0, accD=0.0, accLength=0.0, accHeading=0.0, flags=flags(gnssFixOK=1, diffSoln=0, relPosValid=0, carrSoln=0, isMoving=0, refPosMiss=0, refObsMiss=0, relPosHeadingValid=0, relPosNormalized=0))
2025-03-03 03:04:10,005 - INFO - Data written to CSV: {'timestamp': '2025-03-03 03:04:10', 'latitude': 37.688038399999996, 'longitude': -97.3398327, 'speed': 0.021, 'rel_north': 0.0, 'rel_east': 0.0, 'rel_down': 0.0, 'heading': 0.0}
2025-03-03 03:04:10,105 - INFO - Elapsed time for this iteration: 2.00 seconds
2025-03-03 03:04:10,105 - INFO - Sleeping for: 0.00 seconds
