2025-03-03 03:05:14,833 - INFO - Generated Mow ID: 43
2025-03-03 03:05:14,833 - INFO - Listening for UBX Messages.
2025-03-03 03:05:16,994 - INFO - coords: PVT(iTOW=97533000, year=2025, month=3, day=3, hour=3, min=5, sec=15, valid=valid(validDate=1, validTime=1, fullyResolved=1, validMag=0), tAcc=35, nano=179409, fixType=3, flags=flags(gnssFixOK=1, diffSoln=0, psmState=0, headVehValid=0, carrSoln=0), flags2=flags2(confirmedAvai=1, confirmedDate=1, confirmedTime=1), numSV=19, lon=-97.33982639999999, lat=37.6880561, height=400959, hMSL=427379, hAcc=409.8, vAcc=601.4, velN=76, velE=17, velD=37, gSpeed=78, headMot=0.0, sAcc=440, headAcc=180.00000000000003, pDOP=1.36, flags3=flags3(invalidL1h=0), headVeh=0.0, magDec=0.0, magAcc=0.0)
2025-03-03 03:05:16,995 - INFO - rel_pos: RELPOSNED(version=1, refStationId=0, iTOW=97534000, relPosN=0, relPosE=0, relPosD=0, relPosLength=0, relPosHeading=0.0, relPosHPN=0.0, relPosHPE=0.0, relPosHPD=0.0, relPosHPLength=0.0, accN=0.0, accE=0.0, accD=0.0, accLength=0.0, accHeading=0.0, flags=flags(gnssFixOK=1, diffSoln=0, relPosValid=0, carrSoln=0, isMoving=0, refPosMiss=0, refObsMiss=0, relPosHeadingValid=0, relPosNormalized=0))
2025-03-03 03:05:16,995 - INFO - Data written to CSV: {'timestamp': '2025-03-03 03:05:16', 'latitude': 37.6880561, 'longitude': -97.33982639999999, 'speed': 0.078, 'rel_north': 0.0, 'rel_east': 0.0, 'rel_down': 0.0, 'heading': 0.0}
2025-03-03 03:05:17,095 - INFO - Elapsed time for this iteration: 2.25 seconds
2025-03-03 03:05:17,095 - INFO - Sleeping for: 0.00 seconds
2025-03-03 03:05:18,998 - INFO - coords: PVT(iTOW=97535000, year=2025, month=3, day=3, hour=3, min=5, sec=17, valid=valid(validDate=1, validTime=1, fullyResolved=1, validMag=0), tAcc=35, nano=178745, fixType=3, flags=flags(gnssFixOK=1, diffSoln=0, psmState=0, headVehValid=0, carrSoln=0), flags2=flags2(confirmedAvai=1, confirmedDate=1, confirmedTime=1), numSV=17, lon=-97.339826, lat=37.6880567, height=400936, hMSL=427356, hAcc=418.1, vAcc=611.6, velN=199, velE=-48, velD=198, gSpeed=205, headMot=0.0, sAcc=441, headAcc=123.54814, pDOP=1.72, flags3=flags3(invalidL1h=0), headVeh=0.0, magDec=0.0, magAcc=0.0)
2025-03-03 03:05:18,999 - INFO - rel_pos: RELPOSNED(version=1, refStationId=0, iTOW=97536000, relPosN=0, relPosE=0, relPosD=0, relPosLength=0, relPosHeading=0.0, relPosHPN=0.0, relPosHPE=0.0, relPosHPD=0.0, relPosHPLength=0.0, accN=0.0, accE=0.0, accD=0.0, accLength=0.0, accHeading=0.0, flags=flags(gnssFixOK=1, diffSoln=0, relPosValid=0, carrSoln=0, isMoving=0, refPosMiss=0, refObsMiss=0, relPosHeadingValid=0, relPosNormalized=0))
2025-03-03 03:05:18,999 - INFO - Data written to CSV: {'timestamp': '2025-03-03 03:05:18', 'latitude': 37.6880567, 'longitude': -97.339826, 'speed': 0.205, 'rel_north': 0.0, 'rel_east': 0.0, 'rel_down': 0.0, 'heading': 0.0}
2025-03-03 03:05:19,099 - INFO - Elapsed time for this iteration: 2.00 seconds
2025-03-03 03:05:19,099 - INFO - Sleeping for: 0.00 seconds
2025-03-03 03:05:21,002 - INFO - coords: PVT(iTOW=97537000, year=2025, month=3, day=3, hour=3, min=5, sec=19, valid=valid(validDate=1, validTime=1, fullyResolved=1, validMag=0), tAcc=35, nano=178079, fixType=3, flags=flags(gnssFixOK=1, diffSoln=0, psmState=0, headVehValid=0, carrSoln=0), flags2=flags2(confirmedAvai=1, confirmedDate=1, confirmedTime=1), numSV=17, lon=-97.33982619999999, lat=37.688057, height=400960, hMSL=427380, hAcc=426.90000000000003, vAcc=622.9000000000001, velN=13, velE=12, velD=127, gSpeed=18, headMot=0.0, sAcc=410, headAcc=180.00000000000003, pDOP=1.72, flags3=flags3(invalidL1h=0), headVeh=0.0, magDec=0.0, magAcc=0.0)
2025-03-03 03:05:21,002 - INFO - rel_pos: RELPOSNED(version=1, refStationId=0, iTOW=97538000, relPosN=0, relPosE=0, relPosD=0, relPosLength=0, relPosHeading=0.0, relPosHPN=0.0, relPosHPE=0.0, relPosHPD=0.0, relPosHPLength=0.0, accN=0.0, accE=0.0, accD=0.0, accLength=0.0, accHeading=0.0, flags=flags(gnssFixOK=1, diffSoln=0, relPosValid=0, carrSoln=0, isMoving=0, refPosMiss=0, refObsMiss=0, relPosHeadingValid=0, relPosNormalized=0))
2025-03-03 03:05:21,002 - INFO - Data written to CSV: {'timestamp': '2025-03-03 03:05:20', 'latitude': 37.688057, 'longitude': -97.33982619999999, 'speed': 0.018, 'rel_north': 0.0, 'rel_east': 0.0, 'rel_down': 0.0, 'heading': 0.0}
2025-03-03 03:05:21,102 - INFO - Elapsed time for this iteration: 2.00 seconds
2025-03-03 03:05:21,102 - INFO - Sleeping for: 0.00 seconds
2025-03-03 03:05:23,005 - INFO - coords: PVT(iTOW=97539000, year=2025, month=3, day=3, hour=3, min=5, sec=21, valid=valid(validDate=1, validTime=1, fullyResolved=1, validMag=0), tAcc=36, nano=177412, fixType=3, flags=flags(gnssFixOK=1, diffSoln=0, psmState=0, headVehValid=0, carrSoln=0), flags2=flags2(confirmedAvai=1, confirmedDate=1, confirmedTime=1), numSV=17, lon=-97.3398251, lat=37.6880571, height=400893, hMSL=427313, hAcc=435.6, vAcc=635.2, velN=94, velE=-33, velD=170, gSpeed=100, headMot=0.0, sAcc=452, headAcc=180.00000000000003, pDOP=1.72, flags3=flags3(invalidL1h=0), headVeh=0.0, magDec=0.0, magAcc=0.0)
2025-03-03 03:05:23,005 - INFO - rel_pos: RELPOSNED(version=1, refStationId=0, iTOW=97540000, relPosN=0, relPosE=0, relPosD=0, relPosLength=0, relPosHeading=0.0, relPosHPN=0.0, relPosHPE=0.0, relPosHPD=0.0, relPosHPLength=0.0, accN=0.0, accE=0.0, accD=0.0, accLength=0.0, accHeading=0.0, flags=flags(gnssFixOK=1, diffSoln=0, relPosValid=0, carrSoln=0, isMoving=0, refPosMiss=0, refObsMiss=0, relPosHeadingValid=0, relPosNormalized=0))
2025-03-03 03:05:23,005 - INFO - Data written to CSV: {'timestamp': '2025-03-03 03:05:23', 'latitude': 37.6880571, 'longitude': -97.3398251, 'speed': 0.1, 'rel_north': 0.0, 'rel_east': 0.0, 'rel_down': 0.0, 'heading': 0.0}
2025-03-03 03:05:23,106 - INFO - Elapsed time for this iteration: 2.00 seconds
2025-03-03 03:05:23,106 - INFO - Sleeping for: 0.00 seconds
2025-03-03 03:05:25,009 - INFO - coords: PVT(iTOW=97541000, year=2025, month=3, day=3, hour=3, min=5, sec=23, valid=valid(validDate=1, validTime=1, fullyResolved=1, validMag=0), tAcc=36, nano=176745, fixType=3, flags=flags(gnssFixOK=1, diffSoln=0, psmState=0, headVehValid=0, carrSoln=0), flags2=flags2(confirmedAvai=1, confirmedDate=1, confirmedTime=1), numSV=17, lon=-97.3398251, lat=37.6880577, height=400757, hMSL=427177, hAcc=444.20000000000005, vAcc=647.8000000000001, velN=55, velE=-95, velD=212, gSpeed=109, headMot=0.0, sAcc=444, headAcc=180.00000000000003, pDOP=1.72, flags3=flags3(invalidL1h=0), headVeh=0.0, magDec=0.0, magAcc=0.0)
2025-03-03 03:05:25,010 - INFO - rel_pos: RELPOSNED(version=1, refStationId=0, iTOW=97542000, relPosN=0, relPosE=0, relPosD=0, relPosLength=0, relPosHeading=0.0, relPosHPN=0.0, relPosHPE=0.0, relPosHPD=0.0, relPosHPLength=0.0, accN=0.0, accE=0.0, accD=0.0, accLength=0.0, accHeading=0.0, flags=flags(gnssFixOK=1, diffSoln=0, relPosValid=0, carrSoln=0, isMoving=0, refPosMiss=0, refObsMiss=0, relPosHeadingValid=0, relPosNormalized=0))
2025-03-03 03:05:25,010 - INFO - Data written to CSV: {'timestamp': '2025-03-03 03:05:25', 'latitude': 37.6880577, 'longitude': -97.3398251, 'speed': 0.109, 'rel_north': 0.0, 'rel_east': 0.0, 'rel_down': 0.0, 'heading': 0.0}
2025-03-03 03:05:25,110 - INFO - Elapsed time for this iteration: 2.00 seconds
2025-03-03 03:05:25,110 - INFO - Sleeping for: 0.00 seconds
2025-03-03 03:05:26,795 - INFO - Program interrupted by user
