2025-03-03 02:49:38,814 - INFO - Application started
2025-03-03 02:49:38,814 - INFO - Starting main function
2025-03-03 02:49:38,814 - INFO - Waiting for user input...
2025-03-03 02:49:43,322 - INFO - User selected mode: A
2025-03-03 02:49:43,322 - INFO - Mode A (RECORD) selected
2025-03-03 02:49:43,322 - INFO - Enter a 2-digit combination
2025-03-03 02:49:48,131 - INFO - Digit entered: 4
2025-03-03 02:49:49,334 - INFO - Digit entered: 4
2025-03-03 02:49:49,334 - INFO - Combination entered: 44
2025-03-03 02:49:49,334 - INFO - No file with the combination found
2025-03-03 02:49:49,335 - INFO - Triggering recording with combination: 44
2025-03-03 02:49:49,335 - INFO - Running script: /home/dali/Documents/ReMow-Rover-Tests/recordDataToCsv.py
2025-03-03 02:50:16,477 - INFO - Mode D pressed, terminating the recording process
2025-03-03 02:50:16,477 - WARNING - Attempted to turn off an already closed or uninitialized LED
2025-03-03 02:50:16,478 - INFO - Subprocess output: 
2025-03-03 02:50:16,478 - ERROR - Subprocess error: 
2025-03-03 02:50:17,478 - INFO - Waiting for user input...
2025-03-03 02:50:17,479 - ERROR - BLUE LED is closed or uninitialized
2025-03-03 02:51:09,860 - INFO - 
Application stopped!
2025-03-03 02:51:09,861 - WARNING - Attempted to turn off an already closed or uninitialized LED
