2025-03-03 02:57:40,158 - INFO - Application started
2025-03-03 02:57:40,158 - INFO - Starting main function
2025-03-03 02:57:40,159 - INFO - Waiting for user input...
2025-03-03 02:57:44,566 - INFO - User selected mode: A
2025-03-03 02:57:44,566 - INFO - Mode A (RECORD) selected
2025-03-03 02:57:44,566 - INFO - Enter a 2-digit combination
2025-03-03 02:57:46,973 - INFO - Digit entered: 4
2025-03-03 02:57:47,574 - INFO - Digit entered: 4
2025-03-03 02:57:47,575 - INFO - Combination entered: 44
2025-03-03 02:57:47,575 - INFO - File with the combination exists
2025-03-03 02:57:53,576 - INFO - Waiting for user input...
2025-03-03 02:57:56,380 - INFO - User selected mode: A
2025-03-03 02:57:56,380 - INFO - Mode A (RECORD) selected
2025-03-03 02:57:56,380 - INFO - Enter a 2-digit combination
2025-03-03 02:57:58,784 - INFO - Digit entered: 7
2025-03-03 02:57:59,385 - INFO - Digit entered: 7
2025-03-03 02:57:59,385 - INFO - Combination entered: 77
2025-03-03 02:57:59,385 - INFO - File with the combination exists
2025-03-03 02:58:05,386 - INFO - Waiting for user input...
2025-03-03 02:58:09,692 - INFO - User selected mode: A
2025-03-03 02:58:09,692 - INFO - Mode A (RECORD) selected
2025-03-03 02:58:09,692 - INFO - Enter a 2-digit combination
2025-03-03 02:58:11,496 - INFO - Digit entered: 0
2025-03-03 02:58:12,098 - INFO - Digit entered: 8
2025-03-03 02:58:12,098 - INFO - Combination entered: 08
2025-03-03 02:58:12,098 - INFO - No file with the combination found
2025-03-03 02:58:12,098 - INFO - Triggering recording with combination: 08
2025-03-03 02:58:12,099 - INFO - Running script: /home/dali/Documents/ReMow-Rover-Tests/recordDataToCsv.py
2025-03-03 02:58:17,212 - INFO - Mode D pressed, terminating the recording process
2025-03-03 02:58:17,313 - INFO - Subprocess output: 
2025-03-03 02:58:17,313 - ERROR - Subprocess error: 
2025-03-03 02:58:18,313 - INFO - Waiting for user input...
2025-03-03 02:58:25,526 - INFO - User selected mode: A
2025-03-03 02:58:25,526 - INFO - Mode A (RECORD) selected
2025-03-03 02:58:25,527 - INFO - Enter a 2-digit combination
2025-03-03 02:58:26,529 - INFO - Digit entered: 0
2025-03-03 02:58:27,331 - INFO - Digit entered: 1
2025-03-03 02:58:27,331 - INFO - Combination entered: 01
2025-03-03 02:58:27,331 - INFO - No file with the combination found
2025-03-03 02:58:27,331 - INFO - Triggering recording with combination: 01
2025-03-03 02:58:27,332 - INFO - Running script: /home/dali/Documents/ReMow-Rover-Tests/recordDataToCsv.py
2025-03-03 02:58:34,242 - INFO - Mode D pressed, terminating the recording process
2025-03-03 02:58:34,343 - INFO - Subprocess output: 
2025-03-03 02:58:34,343 - ERROR - Subprocess error: 
2025-03-03 02:58:35,343 - INFO - Waiting for user input...
2025-03-03 02:58:39,656 - INFO - User selected mode: A
2025-03-03 02:58:39,657 - INFO - Mode A (RECORD) selected
2025-03-03 02:58:39,657 - INFO - Enter a 2-digit combination
2025-03-03 02:58:42,461 - INFO - Digit entered: 5
2025-03-03 02:58:43,263 - INFO - Digit entered: 4
2025-03-03 02:58:43,263 - INFO - Combination entered: 54
2025-03-03 02:58:43,263 - INFO - No file with the combination found
2025-03-03 02:58:43,263 - INFO - Triggering recording with combination: 54
2025-03-03 02:58:43,263 - INFO - Running script: /home/dali/Documents/ReMow-Rover-Tests/recordDataToCsv.py
2025-03-03 02:58:49,275 - INFO - Mode D pressed, terminating the recording process
2025-03-03 02:58:49,375 - INFO - Subprocess output: 
2025-03-03 02:58:49,376 - ERROR - Subprocess error: 
2025-03-03 02:58:50,376 - INFO - Waiting for user input...
2025-03-03 03:03:30,608 - INFO - 
Application stopped!
