2025-03-03 03:03:31,811 - INFO - Application started
2025-03-03 03:03:31,811 - INFO - Starting main function
2025-03-03 03:03:31,811 - INFO - Waiting for user input...
2025-03-03 03:03:35,218 - INFO - User selected mode: A
2025-03-03 03:03:35,219 - INFO - Mode A (RECORD) selected
2025-03-03 03:03:35,219 - INFO - Enter a 2-digit combination
2025-03-03 03:03:42,436 - INFO - Digit entered: 0
2025-03-03 03:03:43,839 - INFO - Digit entered: 9
2025-03-03 03:03:43,839 - INFO - Combination entered: 09
2025-03-03 03:03:43,839 - INFO - No file with the combination found
2025-03-03 03:03:49,340 - INFO - Triggering recording with combination: 09
2025-03-03 03:03:49,340 - INFO - Running script: /home/dali/Documents/ReMow-Rover-Tests/recordDataToCsv.py
2025-03-03 03:04:11,483 - INFO - Mode D pressed, terminating the recording process
2025-03-03 03:04:11,584 - INFO - Subprocess output: 
2025-03-03 03:04:11,584 - ERROR - Subprocess error: 
2025-03-03 03:04:12,585 - INFO - Waiting for user input...
2025-03-03 03:04:15,592 - INFO - User selected mode: A
2025-03-03 03:04:15,592 - INFO - Mode A (RECORD) selected
2025-03-03 03:04:15,592 - INFO - Enter a 2-digit combination
2025-03-03 03:04:18,397 - INFO - Digit entered: 4
2025-03-03 03:04:19,199 - INFO - Digit entered: 7
2025-03-03 03:04:19,200 - INFO - Combination entered: 47
2025-03-03 03:04:19,200 - INFO - No file with the combination found
2025-03-03 03:04:24,701 - INFO - Triggering recording with combination: 47
2025-03-03 03:04:24,702 - INFO - Running script: /home/dali/Documents/ReMow-Rover-Tests/recordDataToCsv.py
2025-03-03 03:04:30,314 - INFO - Mode D pressed, terminating the recording process
2025-03-03 03:04:30,415 - INFO - Subprocess output: 
2025-03-03 03:04:30,415 - ERROR - Subprocess error: 
2025-03-03 03:04:31,416 - INFO - Waiting for user input...
2025-03-03 03:04:33,523 - INFO - User selected mode: A
2025-03-03 03:04:33,523 - INFO - Mode A (RECORD) selected
2025-03-03 03:04:33,523 - INFO - Enter a 2-digit combination
2025-03-03 03:04:34,726 - INFO - Digit entered: 9
2025-03-03 03:04:35,930 - INFO - Digit entered: 9
2025-03-03 03:04:35,930 - INFO - Combination entered: 99
2025-03-03 03:04:35,930 - INFO - File with the combination exists
2025-03-03 03:04:41,931 - INFO - Waiting for user input...
2025-03-03 03:04:44,937 - INFO - User selected mode: A
2025-03-03 03:04:44,937 - INFO - Mode A (RECORD) selected
2025-03-03 03:04:44,937 - INFO - Enter a 2-digit combination
2025-03-03 03:04:47,543 - INFO - Digit entered: 7
2025-03-03 03:04:48,145 - INFO - Digit entered: 7
2025-03-03 03:04:48,145 - INFO - Combination entered: 77
2025-03-03 03:04:48,145 - INFO - File with the combination exists
2025-03-03 03:04:54,146 - INFO - Waiting for user input...
2025-03-03 03:04:56,651 - INFO - User selected mode: A
2025-03-03 03:04:56,651 - INFO - Mode A (RECORD) selected
2025-03-03 03:04:56,651 - INFO - Enter a 2-digit combination
2025-03-03 03:04:57,854 - INFO - Digit entered: 4
2025-03-03 03:04:58,456 - INFO - Digit entered: 7
2025-03-03 03:04:58,457 - INFO - Combination entered: 47
2025-03-03 03:04:58,457 - INFO - File with the combination exists
2025-03-03 03:05:04,458 - INFO - Waiting for user input...
2025-03-03 03:05:07,164 - INFO - User selected mode: A
2025-03-03 03:05:07,164 - INFO - Mode A (RECORD) selected
2025-03-03 03:05:07,164 - INFO - Enter a 2-digit combination
2025-03-03 03:05:07,966 - INFO - Digit entered: 4
2025-03-03 03:05:09,170 - INFO - Digit entered: 3
2025-03-03 03:05:09,170 - INFO - Combination entered: 43
2025-03-03 03:05:09,170 - INFO - No file with the combination found
2025-03-03 03:05:14,672 - INFO - Triggering recording with combination: 43
2025-03-03 03:05:14,672 - INFO - Running script: /home/dali/Documents/ReMow-Rover-Tests/recordDataToCsv.py
2025-03-03 03:05:26,795 - INFO - 
Application stopped!
