2025-03-03 02:53:53,229 - INFO - Application started
2025-03-03 02:53:53,229 - INFO - Starting main function
2025-03-03 02:53:53,230 - INFO - Waiting for user input...
2025-03-03 02:53:58,047 - INFO - User selected mode: A
2025-03-03 02:53:58,047 - INFO - Mode A (RECORD) selected
2025-03-03 02:53:58,047 - INFO - Enter a 2-digit combination
2025-03-03 02:53:59,851 - INFO - Digit entered: 9
2025-03-03 02:54:00,855 - INFO - Digit entered: 9
2025-03-03 02:54:00,855 - INFO - Combination entered: 99
2025-03-03 02:54:00,855 - INFO - No file with the combination found
2025-03-03 02:54:00,855 - INFO - Triggering recording with combination: 99
2025-03-03 02:54:00,856 - INFO - Running script: /home/dali/Documents/ReMow-Rover-Tests/recordDataToCsv.py
2025-03-03 02:54:10,471 - INFO - Mode D pressed, terminating the recording process
2025-03-03 02:54:10,472 - WARNING - Attempted to turn on an already closed or uninitialized LED
2025-03-03 02:54:10,472 - WARNING - Attempted to turn off an already closed or uninitialized LED
2025-03-03 02:54:10,474 - INFO - Subprocess output: 
2025-03-03 02:54:10,474 - ERROR - Subprocess error: 
2025-03-03 02:54:11,474 - INFO - Waiting for user input...
2025-03-03 02:54:11,475 - ERROR - BLUE LED is closed or uninitialized
2025-03-03 02:54:17,990 - WARNING - Attempted to turn on/off an already closed or uninitialized LED
2025-03-03 02:54:17,990 - INFO - User selected mode: D
2025-03-03 02:54:17,990 - INFO - Mode D selected
2025-03-03 02:54:18,990 - INFO - Waiting for user input...
2025-03-03 02:54:18,990 - ERROR - BLUE LED is closed or uninitialized
2025-03-03 02:56:07,506 - INFO - 
Application stopped!
2025-03-03 02:56:07,506 - WARNING - Attempted to turn off an already closed or uninitialized LED
