2025-03-03 02:56:08,496 - INFO - Application started
2025-03-03 02:56:08,497 - INFO - Starting main function
2025-03-03 02:56:08,497 - INFO - Waiting for user input...
2025-03-03 02:56:12,704 - INFO - User selected mode: A
2025-03-03 02:56:12,705 - INFO - Mode A (RECORD) selected
2025-03-03 02:56:12,705 - INFO - Enter a 2-digit combination
2025-03-03 02:56:16,111 - INFO - Digit entered: 7
2025-03-03 02:56:16,913 - INFO - Digit entered: 7
2025-03-03 02:56:16,914 - INFO - Combination entered: 77
2025-03-03 02:56:16,914 - INFO - No file with the combination found
2025-03-03 02:56:16,915 - INFO - Triggering recording with combination: 77
2025-03-03 02:56:16,915 - INFO - Running script: /home/dali/Documents/ReMow-Rover-Tests/recordDataToCsv.py
2025-03-03 02:56:22,024 - INFO - Mode D pressed, terminating the recording process
2025-03-03 02:56:22,125 - WARNING - Attempted to turn off an already closed or uninitialized LED
2025-03-03 02:56:22,125 - INFO - Subprocess output: 
2025-03-03 02:56:22,125 - ERROR - Subprocess error: 
2025-03-03 02:56:23,126 - INFO - Waiting for user input...
2025-03-03 02:56:23,126 - ERROR - BLUE LED is closed or uninitialized
2025-03-03 02:56:29,240 - WARNING - Attempted to turn on/off an already closed or uninitialized LED
2025-03-03 02:56:29,240 - INFO - User selected mode: D
2025-03-03 02:56:29,240 - INFO - Mode D selected
2025-03-03 02:56:30,240 - INFO - Waiting for user input...
2025-03-03 02:56:30,240 - ERROR - BLUE LED is closed or uninitialized
2025-03-03 02:57:39,064 - INFO - 
Application stopped!
2025-03-03 02:57:39,064 - WARNING - Attempted to turn off an already closed or uninitialized LED
